#
# A fatal error has been detected by the Java Runtime Environment:
#
#  SIGSEGV (0xb) at pc=0x000000010cf12a1b, pid=1279, tid=0x000000000000ad03
#
# JRE version: Java(TM) SE Runtime Environment (8.0_221-b11) (build 1.8.0_221-b11)
# Java VM: Java HotSpot(TM) 64-Bit Server VM (25.221-b11 mixed mode bsd-amd64 compressed oops)
# Problematic frame:
# V  [libjvm.dylib+0x3b1a1b]  Klass::search_secondary_supers(Klass*) const+0x11
#
# Failed to write core dump. Core dumps have been disabled. To enable core dumping, try "ulimit -c unlimited" before starting Java again
#
# If you would like to submit a bug report, please visit:
#   http://bugreport.java.com/bugreport/crash.jsp
#

---------------  T H R E A D  ---------------

Current thread (0x00007fab87c83000):  JavaThread "http-nio-8991-exec-8" daemon [_thread_in_vm, id=44291, stack(0x000070000808e000,0x000070000818e000)]

siginfo: si_signo: 11 (SIGSEGV), si_code: 1 (SEGV_MAPERR), si_addr: 0x0000000000000000

Registers:
RAX=0x0000000000000000, RBX=0x0000700008187090, RCX=0x00007fab88b9b030, RDX=0x00000007c00073c0
RSP=0x0000700008186d10, RBP=0x0000700008186d10, RSI=0x00000007c00073c0, RDI=0x00000007c008ddf8
R8 =0x00000007c008ddf8, R9 =0x0000000000000001, R10=0x000000011333ceb0, R11=0x0000000000000258
R12=0x00007fab87c83000, R13=0x000000011333da80, R14=0x00007fab88b9b001, R15=0x00007000081885f0
RIP=0x000000010cf12a1b, EFLAGS=0x0000000000010202, ERR=0x0000000000000004
  TRAPNO=0x000000000000000e

Top of Stack: (sp=0x0000700008186d10)
0x0000700008186d10:   0000700008186d20 000000010cf0fceb
0x0000700008186d20:   0000700008187050 000000010cf317ab
0x0000700008186d30:   00000007c0840590 00007000081885f0
0x0000700008186d40:   00000007c00073c0 00000007c008ddf8
0x0000700008186d50:   0000700008186dd0 000000010cf2d907
0x0000700008186d60:   00000007c00073c0 0000000113b11ba0
0x0000700008186d70:   0000700008187080 000000010d16f84c
0x0000700008186d80:   00007fab88b9b1e0 00007fab88b9b270
0x0000700008186d90:   00007fab88b9b280 00007fab88b9b658
0x0000700008186da0:   00000000000003d8 0000000113b11bb0
0x0000700008186db0:   00000007c00073c0 00007fab87c83000
0x0000700008186dc0:   0000000113b11ba0 0000700008187080
0x0000700008186dd0:   0000700008187050 000000010cf2e759
0x0000700008186de0:   00007fab87c83000 000000010cf2d23b
0x0000700008186df0:   00000001c0840590 00000007c0840590
0x0000700008186e00:   00007fab87c83000 00000007c00073c0
0x0000700008186e10:   0000700008186e90 000000010cf2d907
0x0000700008186e20:   00000007c00073c0 0000000113b11ba0
0x0000700008186e30:   00007000081871d0 000000010d16f84c
0x0000700008186e40:   00007fab88b9b1e0 00007fab88b9b270
0x0000700008186e50:   00007fab88b9b280 00007fab88b9b658
0x0000700008186e60:   00000000000003d8 0000000113b11bb0
0x0000700008186e70:   00000007c00073c0 000000011333da80
0x0000700008186e80:   00007fab87c83000 000000011333da80
0x0000700008186e90:   0000700008187110 000000010cf2e759
0x0000700008186ea0:   00007fab87c83000 00007fab87c83000
0x0000700008186eb0:   00000001081886e0 00000007c0840590
0x0000700008186ec0:   000000011aa844d0 0000000129bbee98
0x0000700008186ed0:   0000700029bd7980 00007000081886e0
0x0000700008186ee0:   0000700008188440 00000001194f035a
0x0000700008186ef0:   00000001194f0290 0000000100000000
0x0000700008186f00:   0000000000000000 0000700008188440 

Instructions: (pc=0x000000010cf12a1b)
0x000000010cf129fb:   0f c1 07 ff c0 5d c3 55 48 89 e5 31 c0 5d c3 55
0x000000010cf12a0b:   48 89 e5 48 39 f7 75 04 b0 01 eb 1a 48 8b 47 20
0x000000010cf12a1b:   8b 08 31 d2 eb 0a 48 39 74 d0 08 74 0e 48 ff c2
0x000000010cf12a2b:   39 ca 7c f2 30 c0 0f b6 c0 5d c3 48 89 77 18 b8 

Register to memory mapping:

RAX=0x0000000000000000 is an unknown value
RBX=0x0000700008187090 is pointing into the stack for thread: 0x00007fab87c83000
RCX=0x00007fab88b9b030 is an unknown value
RDX=0x00000007c00073c0 is pointing into metadata
RSP=0x0000700008186d10 is pointing into the stack for thread: 0x00007fab87c83000
RBP=0x0000700008186d10 is pointing into the stack for thread: 0x00007fab87c83000
RSI=0x00000007c00073c0 is pointing into metadata
RDI=0x00000007c008ddf8 is pointing into metadata
R8 =0x00000007c008ddf8 is pointing into metadata
R9 =0x0000000000000001 is an unknown value
R10=0x000000011333ceb0 is pointing into metadata
R11=0x0000000000000258 is an unknown value
R12=0x00007fab87c83000 is a thread
R13={method} {0x000000011333da80} 'entrySet' '()Ljava/util/Set;' in 'java/util/Map'
R14=0x00007fab88b9b001 is an unknown value
R15=0x00007000081885f0 is pointing into the stack for thread: 0x00007fab87c83000


Stack: [0x000070000808e000,0x000070000818e000],  sp=0x0000700008186d10,  free space=995k
Native frames: (J=compiled Java code, j=interpreted, Vv=VM code, C=native code)
V  [libjvm.dylib+0x3b1a1b]  Klass::search_secondary_supers(Klass*) const+0x11
V  [libjvm.dylib+0x3aeceb]  Klass::is_subtype_of(Klass*) const+0x1f
V  [libjvm.dylib+0x3d07ab]  LinkResolver::runtime_resolve_interface_method(CallInfo&, methodHandle, KlassHandle, Handle, KlassHandle, bool, Thread*)+0x7b
V  [libjvm.dylib+0x3d1005]  LinkResolver::resolve_interface_call(CallInfo&, Handle, KlassHandle, KlassHandle, Symbol*, Symbol*, KlassHandle, bool, bool, Thread*)+0xd1
V  [libjvm.dylib+0x3d11b9]  LinkResolver::resolve_invokeinterface(CallInfo&, Handle, constantPoolHandle, int, Thread*)+0x143
V  [libjvm.dylib+0x3d2231]  LinkResolver::resolve_invoke(CallInfo&, Handle, constantPoolHandle, int, Bytecodes::Code, Thread*)+0x3d1
V  [libjvm.dylib+0x4eb35f]  SharedRuntime::find_callee_info_helper(JavaThread*, vframeStream&, Bytecodes::Code&, CallInfo&, Thread*)+0x35d
V  [libjvm.dylib+0x4ebca0]  SharedRuntime::find_callee_info(JavaThread*, Bytecodes::Code&, CallInfo&, Thread*)+0x76
V  [libjvm.dylib+0x4ebd91]  SharedRuntime::handle_ic_miss_helper(JavaThread*, Thread*)+0xcf
V  [libjvm.dylib+0x4ec2db]  SharedRuntime::handle_wrong_method_ic_miss(JavaThread*)+0x31
v  ~RuntimeStub::ic_miss_stub
J 9738 C1 org.apache.catalina.util.ParameterMap.entrySet()Ljava/util/Set; (27 bytes) @ 0x000000011a6d931c [0x000000011a6d92c0+0x5c]
J 5437 C1 java.util.Map.forEach(Ljava/util/function/BiConsumer;)V (81 bytes) @ 0x0000000119f48b9c [0x0000000119f48b40+0x5c]
j  org.springframework.boot.actuate.endpoint.web.servlet.AbstractWebMvcEndpointHandlerMapping$ServletWebOperationAdapter.getArguments(Ljavax/servlet/http/HttpServletRequest;Ljava/util/Map;)Ljava/util/Map;+60
j  org.springframework.boot.actuate.endpoint.web.servlet.AbstractWebMvcEndpointHandlerMapping$ServletWebOperationAdapter.handle(Ljavax/servlet/http/HttpServletRequest;Ljava/util/Map;)Ljava/lang/Object;+3
j  org.springframework.boot.actuate.endpoint.web.servlet.AbstractWebMvcEndpointHandlerMapping$OperationHandler.handle(Ljavax/servlet/http/HttpServletRequest;Ljava/util/Map;)Ljava/lang/Object;+6
j  sun.reflect.GeneratedMethodAccessor101.invoke(Ljava/lang/Object;[Ljava/lang/Object;)Ljava/lang/Object;+48
J 1594 C1 sun.reflect.DelegatingMethodAccessorImpl.invoke(Ljava/lang/Object;[Ljava/lang/Object;)Ljava/lang/Object; (10 bytes) @ 0x0000000119830624 [0x00000001198305c0+0x64]
J 1593 C1 java.lang.reflect.Method.invoke(Ljava/lang/Object;[Ljava/lang/Object;)Ljava/lang/Object; (62 bytes) @ 0x00000001198301dc [0x00000001198300a0+0x13c]
J 8329 C1 org.springframework.web.method.support.InvocableHandlerMethod.doInvoke([Ljava/lang/Object;)Ljava/lang/Object; (124 bytes) @ 0x000000011a3cce74 [0x000000011a3cce00+0x74]
J 8032 C1 org.springframework.web.method.support.InvocableHandlerMethod.invokeForRequest(Lorg/springframework/web/context/request/NativeWebRequest;Lorg/springframework/web/method/support/ModelAndViewContainer;[Ljava/lang/Object;)Ljava/lang/Object; (60 bytes) @ 0x000000011a33bba4 [0x000000011a33b920+0x284]
J 8688 C1 org.springframework.web.servlet.mvc.method.annotation.ServletInvocableHandlerMethod.invokeAndHandle(Lorg/springframework/web/context/request/ServletWebRequest;Lorg/springframework/web/method/support/ModelAndViewContainer;[Ljava/lang/Object;)V (145 bytes) @ 0x000000011a4d14c4 [0x000000011a4d1460+0x64]
J 8916 C1 org.springframework.web.servlet.mvc.method.annotation.RequestMappingHandlerAdapter.invokeHandlerMethod(Ljavax/servlet/http/HttpServletRequest;Ljavax/servlet/http/HttpServletResponse;Lorg/springframework/web/method/HandlerMethod;)Lorg/springframework/web/servlet/ModelAndView; (296 bytes) @ 0x000000011a541664 [0x000000011a540c40+0xa24]
J 9317 C1 org.springframework.web.servlet.mvc.method.annotation.RequestMappingHandlerAdapter.handleInternal(Ljavax/servlet/http/HttpServletRequest;Ljavax/servlet/http/HttpServletResponse;Lorg/springframework/web/method/HandlerMethod;)Lorg/springframework/web/servlet/ModelAndView; (128 bytes) @ 0x000000011a607e44 [0x000000011a607c00+0x244]
J 9303 C1 org.springframework.web.servlet.mvc.method.AbstractHandlerMethodAdapter.handle(Ljavax/servlet/http/HttpServletRequest;Ljavax/servlet/http/HttpServletResponse;Ljava/lang/Object;)Lorg/springframework/web/servlet/ModelAndView; (11 bytes) @ 0x000000011a600854 [0x000000011a6007c0+0x94]
j  org.springframework.boot.actuate.autoconfigure.web.servlet.CompositeHandlerAdapter.handle(Ljavax/servlet/http/HttpServletRequest;Ljavax/servlet/http/HttpServletResponse;Ljava/lang/Object;)Lorg/springframework/web/servlet/ModelAndView;+26
J 9109 C1 org.springframework.web.servlet.DispatcherServlet.doDispatch(Ljavax/servlet/http/HttpServletRequest;Ljavax/servlet/http/HttpServletResponse;)V (541 bytes) @ 0x000000011a5a64d4 [0x000000011a5a5ea0+0x634]
J 9107 C1 org.springframework.web.servlet.DispatcherServlet.doService(Ljavax/servlet/http/HttpServletRequest;Ljavax/servlet/http/HttpServletResponse;)V (264 bytes) @ 0x000000011a5a423c [0x000000011a5a3aa0+0x79c]
J 8693 C1 org.springframework.web.servlet.FrameworkServlet.processRequest(Ljavax/servlet/http/HttpServletRequest;Ljavax/servlet/http/HttpServletResponse;)V (186 bytes) @ 0x000000011a4d3c54 [0x000000011a4d3760+0x4f4]
J 8692 C1 org.springframework.web.servlet.FrameworkServlet.doGet(Ljavax/servlet/http/HttpServletRequest;Ljavax/servlet/http/HttpServletResponse;)V (7 bytes) @ 0x000000011a4d32d4 [0x000000011a4d3280+0x54]
J 9097 C1 javax.servlet.http.HttpServlet.service(Ljavax/servlet/http/HttpServletRequest;Ljavax/servlet/http/HttpServletResponse;)V (269 bytes) @ 0x000000011a5953dc [0x000000011a594d80+0x65c]
J 9105 C1 org.springframework.web.servlet.FrameworkServlet.service(Ljavax/servlet/http/HttpServletRequest;Ljavax/servlet/http/HttpServletResponse;)V (37 bytes) @ 0x000000011a5a1cf4 [0x000000011a5a1b40+0x1b4]
J 8418 C1 javax.servlet.http.HttpServlet.service(Ljavax/servlet/ServletRequest;Ljavax/servlet/ServletResponse;)V (40 bytes) @ 0x000000011a410c7c [0x000000011a410b80+0xfc]
J 6870 C1 org.apache.catalina.core.ApplicationFilterChain.internalDoFilter(Ljavax/servlet/ServletRequest;Ljavax/servlet/ServletResponse;)V (388 bytes) @ 0x000000011a1672f4 [0x000000011a1670c0+0x234]
J 6871 C1 org.apache.catalina.core.ApplicationFilterChain.doFilter(Ljavax/servlet/ServletRequest;Ljavax/servlet/ServletResponse;)V (105 bytes) @ 0x000000011a1695d4 [0x000000011a169580+0x54]
J 6682 C1 org.springframework.security.web.FilterChainProxy$VirtualFilterChain.doFilter(Ljavax/servlet/ServletRequest;Ljavax/servlet/ServletResponse;)V (198 bytes) @ 0x000000011a12c184 [0x000000011a12b6e0+0xaa4]
J 9096 C1 org.springframework.security.web.access.intercept.FilterSecurityInterceptor.invoke(Lorg/springframework/security/web/FilterInvocation;)V (123 bytes) @ 0x000000011a59468c [0x000000011a594560+0x12c]
J 9094 C1 org.springframework.security.web.access.intercept.FilterSecurityInterceptor.doFilter(Ljavax/servlet/ServletRequest;Ljavax/servlet/ServletResponse;Ljavax/servlet/FilterChain;)V (19 bytes) @ 0x000000011a593bf4 [0x000000011a593b40+0xb4]
J 6682 C1 org.springframework.security.web.FilterChainProxy$VirtualFilterChain.doFilter(Ljavax/servlet/ServletRequest;Ljavax/servlet/ServletResponse;)V (198 bytes) @ 0x000000011a12c11c [0x000000011a12b6e0+0xa3c]
J 9093 C1 org.springframework.security.web.access.ExceptionTranslationFilter.doFilter(Ljavax/servlet/ServletRequest;Ljavax/servlet/ServletResponse;Ljavax/servlet/FilterChain;)V (171 bytes) @ 0x000000011a592cfc [0x000000011a592c00+0xfc]
J 6682 C1 org.springframework.security.web.FilterChainProxy$VirtualFilterChain.doFilter(Ljavax/servlet/ServletRequest;Ljavax/servlet/ServletResponse;)V (198 bytes) @ 0x000000011a12c11c [0x000000011a12b6e0+0xa3c]
J 9104 C1 org.springframework.security.web.session.SessionManagementFilter.doFilter(Ljavax/servlet/ServletRequest;Ljavax/servlet/ServletResponse;Ljavax/servlet/FilterChain;)V (264 bytes) @ 0x000000011a5a06c4 [0x000000011a59fd00+0x9c4]
J 6682 C1 org.springframework.security.web.FilterChainProxy$VirtualFilterChain.doFilter(Ljavax/servlet/ServletRequest;Ljavax/servlet/ServletResponse;)V (198 bytes) @ 0x000000011a12c11c [0x000000011a12b6e0+0xa3c]
J 9092 C1 org.springframework.security.web.authentication.AnonymousAuthenticationFilter.doFilter(Ljavax/servlet/ServletRequest;Ljavax/servlet/ServletResponse;Ljavax/servlet/FilterChain;)V (143 bytes) @ 0x000000011a590dc4 [0x000000011a590300+0xac4]
J 6682 C1 org.springframework.security.web.FilterChainProxy$VirtualFilterChain.doFilter(Ljavax/servlet/ServletRequest;Ljavax/servlet/ServletResponse;)V (198 bytes) @ 0x000000011a12c11c [0x000000011a12b6e0+0xa3c]
J 8905 C1 org.springframework.security.web.servletapi.SecurityContextHolderAwareRequestFilter.doFilter(Ljavax/servlet/ServletRequest;Ljavax/servlet/ServletResponse;Ljavax/servlet/FilterChain;)V (25 bytes) @ 0x000000011a53c85c [0x000000011a53c600+0x25c]
J 6682 C1 org.springframework.security.web.FilterChainProxy$VirtualFilterChain.doFilter(Ljavax/servlet/ServletRequest;Ljavax/servlet/ServletResponse;)V (198 bytes) @ 0x000000011a12c11c [0x000000011a12b6e0+0xa3c]
J 9090 C1 org.springframework.security.web.savedrequest.RequestCacheAwareFilter.doFilter(Ljavax/servlet/ServletRequest;Ljavax/servlet/ServletResponse;Ljavax/servlet/FilterChain;)V (38 bytes) @ 0x000000011a58f53c [0x000000011a58f3e0+0x15c]
J 6682 C1 org.springframework.security.web.FilterChainProxy$VirtualFilterChain.doFilter(Ljavax/servlet/ServletRequest;Ljavax/servlet/ServletResponse;)V (198 bytes) @ 0x000000011a12c11c [0x000000011a12b6e0+0xa3c]
J 8866 C1 org.springframework.security.web.authentication.www.BasicAuthenticationFilter.doFilterInternal(Ljavax/servlet/http/HttpServletRequest;Ljavax/servlet/http/HttpServletResponse;Ljavax/servlet/FilterChain;)V (342 bytes) @ 0x000000011a528974 [0x000000011a527cc0+0xcb4]
J 6579 C1 org.springframework.web.filter.OncePerRequestFilter.doFilter(Ljavax/servlet/ServletRequest;Ljavax/servlet/ServletResponse;Ljavax/servlet/FilterChain;)V (148 bytes) @ 0x000000011a103644 [0x000000011a1033a0+0x2a4]
J 6682 C1 org.springframework.security.web.FilterChainProxy$VirtualFilterChain.doFilter(Ljavax/servlet/ServletRequest;Ljavax/servlet/ServletResponse;)V (198 bytes) @ 0x000000011a12c11c [0x000000011a12b6e0+0xa3c]
J 8648 C1 org.springframework.security.web.authentication.AbstractAuthenticationProcessingFilter.doFilter(Ljavax/servlet/ServletRequest;Ljavax/servlet/ServletResponse;Ljavax/servlet/FilterChain;)V (159 bytes) @ 0x000000011a49dd04 [0x000000011a49daa0+0x264]
J 6682 C1 org.springframework.security.web.FilterChainProxy$VirtualFilterChain.doFilter(Ljavax/servlet/ServletRequest;Ljavax/servlet/ServletResponse;)V (198 bytes) @ 0x000000011a12c11c [0x000000011a12b6e0+0xa3c]
J 8904 C1 org.springframework.security.web.authentication.logout.LogoutFilter.doFilter(Ljavax/servlet/ServletRequest;Ljavax/servlet/ServletResponse;Ljavax/servlet/FilterChain;)V (121 bytes) @ 0x000000011a53a814 [0x000000011a53a2a0+0x574]
J 6682 C1 org.springframework.security.web.FilterChainProxy$VirtualFilterChain.doFilter(Ljavax/servlet/ServletRequest;Ljavax/servlet/ServletResponse;)V (198 bytes) @ 0x000000011a12c11c [0x000000011a12b6e0+0xa3c]
J 9761 C1 org.springframework.security.web.csrf.CsrfFilter.doFilterInternal(Ljavax/servlet/http/HttpServletRequest;Ljavax/servlet/http/HttpServletResponse;Ljavax/servlet/FilterChain;)V (269 bytes) @ 0x000000011a6e816c [0x000000011a6e78c0+0x8ac]
J 6579 C1 org.springframework.web.filter.OncePerRequestFilter.doFilter(Ljavax/servlet/ServletRequest;Ljavax/servlet/ServletResponse;Ljavax/servlet/FilterChain;)V (148 bytes) @ 0x000000011a103644 [0x000000011a1033a0+0x2a4]
J 6682 C1 org.springframework.security.web.FilterChainProxy$VirtualFilterChain.doFilter(Ljavax/servlet/ServletRequest;Ljavax/servlet/ServletResponse;)V (198 bytes) @ 0x000000011a12c11c [0x000000011a12b6e0+0xa3c]
J 9759 C1 org.springframework.security.web.header.HeaderWriterFilter.doFilterInternal(Ljavax/servlet/http/HttpServletRequest;Ljavax/servlet/http/HttpServletResponse;Ljavax/servlet/FilterChain;)V (56 bytes) @ 0x000000011a6e5b7c [0x000000011a6e59c0+0x1bc]
J 6579 C1 org.springframework.web.filter.OncePerRequestFilter.doFilter(Ljavax/servlet/ServletRequest;Ljavax/servlet/ServletResponse;Ljavax/servlet/FilterChain;)V (148 bytes) @ 0x000000011a103644 [0x000000011a1033a0+0x2a4]
J 6682 C1 org.springframework.security.web.FilterChainProxy$VirtualFilterChain.doFilter(Ljavax/servlet/ServletRequest;Ljavax/servlet/ServletResponse;)V (198 bytes) @ 0x000000011a12c11c [0x000000011a12b6e0+0xa3c]
J 8660 C1 org.springframework.security.web.context.SecurityContextPersistenceFilter.doFilter(Ljavax/servlet/ServletRequest;Ljavax/servlet/ServletResponse;Ljavax/servlet/FilterChain;)V (287 bytes) @ 0x000000011a4ab1dc [0x000000011a4aac40+0x59c]
J 6682 C1 org.springframework.security.web.FilterChainProxy$VirtualFilterChain.doFilter(Ljavax/servlet/ServletRequest;Ljavax/servlet/ServletResponse;)V (198 bytes) @ 0x000000011a12c11c [0x000000011a12b6e0+0xa3c]
J 9757 C1 org.springframework.security.web.context.request.async.WebAsyncManagerIntegrationFilter.doFilterInternal(Ljavax/servlet/http/HttpServletRequest;Ljavax/servlet/http/HttpServletResponse;Ljavax/servlet/FilterChain;)V (48 bytes) @ 0x000000011a6e40ec [0x000000011a6e3f40+0x1ac]
J 6579 C1 org.springframework.web.filter.OncePerRequestFilter.doFilter(Ljavax/servlet/ServletRequest;Ljavax/servlet/ServletResponse;Ljavax/servlet/FilterChain;)V (148 bytes) @ 0x000000011a103644 [0x000000011a1033a0+0x2a4]
J 6682 C1 org.springframework.security.web.FilterChainProxy$VirtualFilterChain.doFilter(Ljavax/servlet/ServletRequest;Ljavax/servlet/ServletResponse;)V (198 bytes) @ 0x000000011a12c11c [0x000000011a12b6e0+0xa3c]
J 8393 C1 org.springframework.security.web.FilterChainProxy.doFilterInternal(Ljavax/servlet/ServletRequest;Ljavax/servlet/ServletResponse;Ljavax/servlet/FilterChain;)V (146 bytes) @ 0x000000011a3f4124 [0x000000011a3f39c0+0x764]
J 8656 C1 org.springframework.security.web.FilterChainProxy.doFilter(Ljavax/servlet/ServletRequest;Ljavax/servlet/ServletResponse;Ljavax/servlet/FilterChain;)V (86 bytes) @ 0x000000011a4a8fac [0x000000011a4a8ec0+0xec]
J 6870 C1 org.apache.catalina.core.ApplicationFilterChain.internalDoFilter(Ljavax/servlet/ServletRequest;Ljavax/servlet/ServletResponse;)V (388 bytes) @ 0x000000011a1674f4 [0x000000011a1670c0+0x434]
J 6871 C1 org.apache.catalina.core.ApplicationFilterChain.doFilter(Ljavax/servlet/ServletRequest;Ljavax/servlet/ServletResponse;)V (105 bytes) @ 0x000000011a1695d4 [0x000000011a169580+0x54]
J 8662 C1 org.apache.catalina.core.StandardWrapperValve.invoke(Lorg/apache/catalina/connector/Request;Lorg/apache/catalina/connector/Response;)V (2693 bytes) @ 0x000000011a4afc8c [0x000000011a4ae340+0x194c]
J 8388 C1 org.apache.catalina.core.StandardContextValve.invoke(Lorg/apache/catalina/connector/Request;Lorg/apache/catalina/connector/Response;)V (172 bytes) @ 0x000000011a3f1d04 [0x000000011a3f17e0+0x524]
J 8083 C1 org.apache.catalina.authenticator.AuthenticatorBase.invoke(Lorg/apache/catalina/connector/Request;Lorg/apache/catalina/connector/Response;)V (821 bytes) @ 0x000000011a3514cc [0x000000011a34ff40+0x158c]
J 8653 C1 org.apache.catalina.core.StandardHostValve.invoke(Lorg/apache/catalina/connector/Request;Lorg/apache/catalina/connector/Response;)V (382 bytes) @ 0x000000011a4a4d64 [0x000000011a4a4a40+0x324]
J 8652 C1 org.apache.catalina.valves.ErrorReportValve.invoke(Lorg/apache/catalina/connector/Request;Lorg/apache/catalina/connector/Response;)V (124 bytes) @ 0x000000011a4a33cc [0x000000011a4a3360+0x6c]
J 8082 C1 org.apache.catalina.core.StandardEngineValve.invoke(Lorg/apache/catalina/connector/Request;Lorg/apache/catalina/connector/Response;)V (51 bytes) @ 0x000000011a34f5dc [0x000000011a34f3e0+0x1fc]
J 9234 C1 org.apache.catalina.connector.CoyoteAdapter.service(Lorg/apache/coyote/Request;Lorg/apache/coyote/Response;)V (892 bytes) @ 0x000000011a5de4f4 [0x000000011a5dde20+0x6d4]
J 8097 C1 org.apache.coyote.http11.Http11Processor.service(Lorg/apache/tomcat/util/net/SocketWrapperBase;)Lorg/apache/tomcat/util/net/AbstractEndpoint$Handler$SocketState; (1236 bytes) @ 0x000000011a35ef7c [0x000000011a35e100+0xe7c]
J 8408 C1 org.apache.coyote.AbstractProcessorLight.process(Lorg/apache/tomcat/util/net/SocketWrapperBase;Lorg/apache/tomcat/util/net/SocketEvent;)Lorg/apache/tomcat/util/net/AbstractEndpoint$Handler$SocketState; (302 bytes) @ 0x000000011a40aed4 [0x000000011a40ac80+0x254]
J 8404 C1 org.apache.coyote.AbstractProtocol$ConnectionHandler.process(Lorg/apache/tomcat/util/net/SocketWrapperBase;Lorg/apache/tomcat/util/net/SocketEvent;)Lorg/apache/tomcat/util/net/AbstractEndpoint$Handler$SocketState; (1269 bytes) @ 0x000000011a3f9d1c [0x000000011a3f9020+0xcfc]
J 8912 C1 org.apache.tomcat.util.net.NioEndpoint$SocketProcessor.doRun()V (620 bytes) @ 0x000000011a5448a4 [0x000000011a544480+0x424]
J 8910 C1 org.apache.tomcat.util.net.SocketProcessorBase.run()V (35 bytes) @ 0x000000011a543a8c [0x000000011a543900+0x18c]
j  java.util.concurrent.ThreadPoolExecutor.runWorker(Ljava/util/concurrent/ThreadPoolExecutor$Worker;)V+95
j  java.util.concurrent.ThreadPoolExecutor$Worker.run()V+5
j  org.apache.tomcat.util.threads.TaskThread$WrappingRunnable.run()V+4
j  java.lang.Thread.run()V+11
v  ~StubRoutines::call_stub
V  [libjvm.dylib+0x2f0d1e]  JavaCalls::call_helper(JavaValue*, methodHandle*, JavaCallArguments*, Thread*)+0x6ae
V  [libjvm.dylib+0x2f14c2]  JavaCalls::call_virtual(JavaValue*, KlassHandle, Symbol*, Symbol*, JavaCallArguments*, Thread*)+0x164
V  [libjvm.dylib+0x2f166e]  JavaCalls::call_virtual(JavaValue*, Handle, KlassHandle, Symbol*, Symbol*, Thread*)+0x4a
V  [libjvm.dylib+0x34bf5d]  thread_entry(JavaThread*, Thread*)+0x7c
V  [libjvm.dylib+0x570b93]  JavaThread::thread_main_inner()+0x9b
V  [libjvm.dylib+0x57228e]  JavaThread::run()+0x1c2
V  [libjvm.dylib+0x48f30a]  java_start(Thread*)+0xf6
C  [libsystem_pthread.dylib+0x3661]  _pthread_body+0x154
C  [libsystem_pthread.dylib+0x350d]  _pthread_body+0x0
C  [libsystem_pthread.dylib+0x2bf9]  thread_start+0xd
C  0x0000000000000000

Java frames: (J=compiled Java code, j=interpreted, Vv=VM code)
v  ~RuntimeStub::ic_miss_stub
J 9738 C1 org.apache.catalina.util.ParameterMap.entrySet()Ljava/util/Set; (27 bytes) @ 0x000000011a6d931c [0x000000011a6d92c0+0x5c]
J 5437 C1 java.util.Map.forEach(Ljava/util/function/BiConsumer;)V (81 bytes) @ 0x0000000119f48b9c [0x0000000119f48b40+0x5c]
j  org.springframework.boot.actuate.endpoint.web.servlet.AbstractWebMvcEndpointHandlerMapping$ServletWebOperationAdapter.getArguments(Ljavax/servlet/http/HttpServletRequest;Ljava/util/Map;)Ljava/util/Map;+60
j  org.springframework.boot.actuate.endpoint.web.servlet.AbstractWebMvcEndpointHandlerMapping$ServletWebOperationAdapter.handle(Ljavax/servlet/http/HttpServletRequest;Ljava/util/Map;)Ljava/lang/Object;+3
j  org.springframework.boot.actuate.endpoint.web.servlet.AbstractWebMvcEndpointHandlerMapping$OperationHandler.handle(Ljavax/servlet/http/HttpServletRequest;Ljava/util/Map;)Ljava/lang/Object;+6
j  sun.reflect.GeneratedMethodAccessor101.invoke(Ljava/lang/Object;[Ljava/lang/Object;)Ljava/lang/Object;+48
J 1594 C1 sun.reflect.DelegatingMethodAccessorImpl.invoke(Ljava/lang/Object;[Ljava/lang/Object;)Ljava/lang/Object; (10 bytes) @ 0x0000000119830624 [0x00000001198305c0+0x64]
J 1593 C1 java.lang.reflect.Method.invoke(Ljava/lang/Object;[Ljava/lang/Object;)Ljava/lang/Object; (62 bytes) @ 0x00000001198301dc [0x00000001198300a0+0x13c]
J 8329 C1 org.springframework.web.method.support.InvocableHandlerMethod.doInvoke([Ljava/lang/Object;)Ljava/lang/Object; (124 bytes) @ 0x000000011a3cce74 [0x000000011a3cce00+0x74]
J 8032 C1 org.springframework.web.method.support.InvocableHandlerMethod.invokeForRequest(Lorg/springframework/web/context/request/NativeWebRequest;Lorg/springframework/web/method/support/ModelAndViewContainer;[Ljava/lang/Object;)Ljava/lang/Object; (60 bytes) @ 0x000000011a33bba4 [0x000000011a33b920+0x284]
J 8688 C1 org.springframework.web.servlet.mvc.method.annotation.ServletInvocableHandlerMethod.invokeAndHandle(Lorg/springframework/web/context/request/ServletWebRequest;Lorg/springframework/web/method/support/ModelAndViewContainer;[Ljava/lang/Object;)V (145 bytes) @ 0x000000011a4d14c4 [0x000000011a4d1460+0x64]
J 8916 C1 org.springframework.web.servlet.mvc.method.annotation.RequestMappingHandlerAdapter.invokeHandlerMethod(Ljavax/servlet/http/HttpServletRequest;Ljavax/servlet/http/HttpServletResponse;Lorg/springframework/web/method/HandlerMethod;)Lorg/springframework/web/servlet/ModelAndView; (296 bytes) @ 0x000000011a541664 [0x000000011a540c40+0xa24]
J 9317 C1 org.springframework.web.servlet.mvc.method.annotation.RequestMappingHandlerAdapter.handleInternal(Ljavax/servlet/http/HttpServletRequest;Ljavax/servlet/http/HttpServletResponse;Lorg/springframework/web/method/HandlerMethod;)Lorg/springframework/web/servlet/ModelAndView; (128 bytes) @ 0x000000011a607e44 [0x000000011a607c00+0x244]
J 9303 C1 org.springframework.web.servlet.mvc.method.AbstractHandlerMethodAdapter.handle(Ljavax/servlet/http/HttpServletRequest;Ljavax/servlet/http/HttpServletResponse;Ljava/lang/Object;)Lorg/springframework/web/servlet/ModelAndView; (11 bytes) @ 0x000000011a600854 [0x000000011a6007c0+0x94]
j  org.springframework.boot.actuate.autoconfigure.web.servlet.CompositeHandlerAdapter.handle(Ljavax/servlet/http/HttpServletRequest;Ljavax/servlet/http/HttpServletResponse;Ljava/lang/Object;)Lorg/springframework/web/servlet/ModelAndView;+26
J 9109 C1 org.springframework.web.servlet.DispatcherServlet.doDispatch(Ljavax/servlet/http/HttpServletRequest;Ljavax/servlet/http/HttpServletResponse;)V (541 bytes) @ 0x000000011a5a64d4 [0x000000011a5a5ea0+0x634]
J 9107 C1 org.springframework.web.servlet.DispatcherServlet.doService(Ljavax/servlet/http/HttpServletRequest;Ljavax/servlet/http/HttpServletResponse;)V (264 bytes) @ 0x000000011a5a423c [0x000000011a5a3aa0+0x79c]
J 8693 C1 org.springframework.web.servlet.FrameworkServlet.processRequest(Ljavax/servlet/http/HttpServletRequest;Ljavax/servlet/http/HttpServletResponse;)V (186 bytes) @ 0x000000011a4d3c54 [0x000000011a4d3760+0x4f4]
J 8692 C1 org.springframework.web.servlet.FrameworkServlet.doGet(Ljavax/servlet/http/HttpServletRequest;Ljavax/servlet/http/HttpServletResponse;)V (7 bytes) @ 0x000000011a4d32d4 [0x000000011a4d3280+0x54]
J 9097 C1 javax.servlet.http.HttpServlet.service(Ljavax/servlet/http/HttpServletRequest;Ljavax/servlet/http/HttpServletResponse;)V (269 bytes) @ 0x000000011a5953dc [0x000000011a594d80+0x65c]
J 9105 C1 org.springframework.web.servlet.FrameworkServlet.service(Ljavax/servlet/http/HttpServletRequest;Ljavax/servlet/http/HttpServletResponse;)V (37 bytes) @ 0x000000011a5a1cf4 [0x000000011a5a1b40+0x1b4]
J 8418 C1 javax.servlet.http.HttpServlet.service(Ljavax/servlet/ServletRequest;Ljavax/servlet/ServletResponse;)V (40 bytes) @ 0x000000011a410c7c [0x000000011a410b80+0xfc]
J 6870 C1 org.apache.catalina.core.ApplicationFilterChain.internalDoFilter(Ljavax/servlet/ServletRequest;Ljavax/servlet/ServletResponse;)V (388 bytes) @ 0x000000011a1672f4 [0x000000011a1670c0+0x234]
J 6871 C1 org.apache.catalina.core.ApplicationFilterChain.doFilter(Ljavax/servlet/ServletRequest;Ljavax/servlet/ServletResponse;)V (105 bytes) @ 0x000000011a1695d4 [0x000000011a169580+0x54]
J 6682 C1 org.springframework.security.web.FilterChainProxy$VirtualFilterChain.doFilter(Ljavax/servlet/ServletRequest;Ljavax/servlet/ServletResponse;)V (198 bytes) @ 0x000000011a12c184 [0x000000011a12b6e0+0xaa4]
J 9096 C1 org.springframework.security.web.access.intercept.FilterSecurityInterceptor.invoke(Lorg/springframework/security/web/FilterInvocation;)V (123 bytes) @ 0x000000011a59468c [0x000000011a594560+0x12c]
J 9094 C1 org.springframework.security.web.access.intercept.FilterSecurityInterceptor.doFilter(Ljavax/servlet/ServletRequest;Ljavax/servlet/ServletResponse;Ljavax/servlet/FilterChain;)V (19 bytes) @ 0x000000011a593bf4 [0x000000011a593b40+0xb4]
J 6682 C1 org.springframework.security.web.FilterChainProxy$VirtualFilterChain.doFilter(Ljavax/servlet/ServletRequest;Ljavax/servlet/ServletResponse;)V (198 bytes) @ 0x000000011a12c11c [0x000000011a12b6e0+0xa3c]
J 9093 C1 org.springframework.security.web.access.ExceptionTranslationFilter.doFilter(Ljavax/servlet/ServletRequest;Ljavax/servlet/ServletResponse;Ljavax/servlet/FilterChain;)V (171 bytes) @ 0x000000011a592cfc [0x000000011a592c00+0xfc]
J 6682 C1 org.springframework.security.web.FilterChainProxy$VirtualFilterChain.doFilter(Ljavax/servlet/ServletRequest;Ljavax/servlet/ServletResponse;)V (198 bytes) @ 0x000000011a12c11c [0x000000011a12b6e0+0xa3c]
J 9104 C1 org.springframework.security.web.session.SessionManagementFilter.doFilter(Ljavax/servlet/ServletRequest;Ljavax/servlet/ServletResponse;Ljavax/servlet/FilterChain;)V (264 bytes) @ 0x000000011a5a06c4 [0x000000011a59fd00+0x9c4]
J 6682 C1 org.springframework.security.web.FilterChainProxy$VirtualFilterChain.doFilter(Ljavax/servlet/ServletRequest;Ljavax/servlet/ServletResponse;)V (198 bytes) @ 0x000000011a12c11c [0x000000011a12b6e0+0xa3c]
J 9092 C1 org.springframework.security.web.authentication.AnonymousAuthenticationFilter.doFilter(Ljavax/servlet/ServletRequest;Ljavax/servlet/ServletResponse;Ljavax/servlet/FilterChain;)V (143 bytes) @ 0x000000011a590dc4 [0x000000011a590300+0xac4]
J 6682 C1 org.springframework.security.web.FilterChainProxy$VirtualFilterChain.doFilter(Ljavax/servlet/ServletRequest;Ljavax/servlet/ServletResponse;)V (198 bytes) @ 0x000000011a12c11c [0x000000011a12b6e0+0xa3c]
J 8905 C1 org.springframework.security.web.servletapi.SecurityContextHolderAwareRequestFilter.doFilter(Ljavax/servlet/ServletRequest;Ljavax/servlet/ServletResponse;Ljavax/servlet/FilterChain;)V (25 bytes) @ 0x000000011a53c85c [0x000000011a53c600+0x25c]
J 6682 C1 org.springframework.security.web.FilterChainProxy$VirtualFilterChain.doFilter(Ljavax/servlet/ServletRequest;Ljavax/servlet/ServletResponse;)V (198 bytes) @ 0x000000011a12c11c [0x000000011a12b6e0+0xa3c]
J 9090 C1 org.springframework.security.web.savedrequest.RequestCacheAwareFilter.doFilter(Ljavax/servlet/ServletRequest;Ljavax/servlet/ServletResponse;Ljavax/servlet/FilterChain;)V (38 bytes) @ 0x000000011a58f53c [0x000000011a58f3e0+0x15c]
J 6682 C1 org.springframework.security.web.FilterChainProxy$VirtualFilterChain.doFilter(Ljavax/servlet/ServletRequest;Ljavax/servlet/ServletResponse;)V (198 bytes) @ 0x000000011a12c11c [0x000000011a12b6e0+0xa3c]
J 8866 C1 org.springframework.security.web.authentication.www.BasicAuthenticationFilter.doFilterInternal(Ljavax/servlet/http/HttpServletRequest;Ljavax/servlet/http/HttpServletResponse;Ljavax/servlet/FilterChain;)V (342 bytes) @ 0x000000011a528974 [0x000000011a527cc0+0xcb4]
J 6579 C1 org.springframework.web.filter.OncePerRequestFilter.doFilter(Ljavax/servlet/ServletRequest;Ljavax/servlet/ServletResponse;Ljavax/servlet/FilterChain;)V (148 bytes) @ 0x000000011a103644 [0x000000011a1033a0+0x2a4]
J 6682 C1 org.springframework.security.web.FilterChainProxy$VirtualFilterChain.doFilter(Ljavax/servlet/ServletRequest;Ljavax/servlet/ServletResponse;)V (198 bytes) @ 0x000000011a12c11c [0x000000011a12b6e0+0xa3c]
J 8648 C1 org.springframework.security.web.authentication.AbstractAuthenticationProcessingFilter.doFilter(Ljavax/servlet/ServletRequest;Ljavax/servlet/ServletResponse;Ljavax/servlet/FilterChain;)V (159 bytes) @ 0x000000011a49dd04 [0x000000011a49daa0+0x264]
J 6682 C1 org.springframework.security.web.FilterChainProxy$VirtualFilterChain.doFilter(Ljavax/servlet/ServletRequest;Ljavax/servlet/ServletResponse;)V (198 bytes) @ 0x000000011a12c11c [0x000000011a12b6e0+0xa3c]
J 8904 C1 org.springframework.security.web.authentication.logout.LogoutFilter.doFilter(Ljavax/servlet/ServletRequest;Ljavax/servlet/ServletResponse;Ljavax/servlet/FilterChain;)V (121 bytes) @ 0x000000011a53a814 [0x000000011a53a2a0+0x574]
J 6682 C1 org.springframework.security.web.FilterChainProxy$VirtualFilterChain.doFilter(Ljavax/servlet/ServletRequest;Ljavax/servlet/ServletResponse;)V (198 bytes) @ 0x000000011a12c11c [0x000000011a12b6e0+0xa3c]
J 9761 C1 org.springframework.security.web.csrf.CsrfFilter.doFilterInternal(Ljavax/servlet/http/HttpServletRequest;Ljavax/servlet/http/HttpServletResponse;Ljavax/servlet/FilterChain;)V (269 bytes) @ 0x000000011a6e816c [0x000000011a6e78c0+0x8ac]
J 6579 C1 org.springframework.web.filter.OncePerRequestFilter.doFilter(Ljavax/servlet/ServletRequest;Ljavax/servlet/ServletResponse;Ljavax/servlet/FilterChain;)V (148 bytes) @ 0x000000011a103644 [0x000000011a1033a0+0x2a4]
J 6682 C1 org.springframework.security.web.FilterChainProxy$VirtualFilterChain.doFilter(Ljavax/servlet/ServletRequest;Ljavax/servlet/ServletResponse;)V (198 bytes) @ 0x000000011a12c11c [0x000000011a12b6e0+0xa3c]
J 9759 C1 org.springframework.security.web.header.HeaderWriterFilter.doFilterInternal(Ljavax/servlet/http/HttpServletRequest;Ljavax/servlet/http/HttpServletResponse;Ljavax/servlet/FilterChain;)V (56 bytes) @ 0x000000011a6e5b7c [0x000000011a6e59c0+0x1bc]
J 6579 C1 org.springframework.web.filter.OncePerRequestFilter.doFilter(Ljavax/servlet/ServletRequest;Ljavax/servlet/ServletResponse;Ljavax/servlet/FilterChain;)V (148 bytes) @ 0x000000011a103644 [0x000000011a1033a0+0x2a4]
J 6682 C1 org.springframework.security.web.FilterChainProxy$VirtualFilterChain.doFilter(Ljavax/servlet/ServletRequest;Ljavax/servlet/ServletResponse;)V (198 bytes) @ 0x000000011a12c11c [0x000000011a12b6e0+0xa3c]
J 8660 C1 org.springframework.security.web.context.SecurityContextPersistenceFilter.doFilter(Ljavax/servlet/ServletRequest;Ljavax/servlet/ServletResponse;Ljavax/servlet/FilterChain;)V (287 bytes) @ 0x000000011a4ab1dc [0x000000011a4aac40+0x59c]
J 6682 C1 org.springframework.security.web.FilterChainProxy$VirtualFilterChain.doFilter(Ljavax/servlet/ServletRequest;Ljavax/servlet/ServletResponse;)V (198 bytes) @ 0x000000011a12c11c [0x000000011a12b6e0+0xa3c]
J 9757 C1 org.springframework.security.web.context.request.async.WebAsyncManagerIntegrationFilter.doFilterInternal(Ljavax/servlet/http/HttpServletRequest;Ljavax/servlet/http/HttpServletResponse;Ljavax/servlet/FilterChain;)V (48 bytes) @ 0x000000011a6e40ec [0x000000011a6e3f40+0x1ac]
J 6579 C1 org.springframework.web.filter.OncePerRequestFilter.doFilter(Ljavax/servlet/ServletRequest;Ljavax/servlet/ServletResponse;Ljavax/servlet/FilterChain;)V (148 bytes) @ 0x000000011a103644 [0x000000011a1033a0+0x2a4]
J 6682 C1 org.springframework.security.web.FilterChainProxy$VirtualFilterChain.doFilter(Ljavax/servlet/ServletRequest;Ljavax/servlet/ServletResponse;)V (198 bytes) @ 0x000000011a12c11c [0x000000011a12b6e0+0xa3c]
J 8393 C1 org.springframework.security.web.FilterChainProxy.doFilterInternal(Ljavax/servlet/ServletRequest;Ljavax/servlet/ServletResponse;Ljavax/servlet/FilterChain;)V (146 bytes) @ 0x000000011a3f4124 [0x000000011a3f39c0+0x764]
J 8656 C1 org.springframework.security.web.FilterChainProxy.doFilter(Ljavax/servlet/ServletRequest;Ljavax/servlet/ServletResponse;Ljavax/servlet/FilterChain;)V (86 bytes) @ 0x000000011a4a8fac [0x000000011a4a8ec0+0xec]
J 6870 C1 org.apache.catalina.core.ApplicationFilterChain.internalDoFilter(Ljavax/servlet/ServletRequest;Ljavax/servlet/ServletResponse;)V (388 bytes) @ 0x000000011a1674f4 [0x000000011a1670c0+0x434]
J 6871 C1 org.apache.catalina.core.ApplicationFilterChain.doFilter(Ljavax/servlet/ServletRequest;Ljavax/servlet/ServletResponse;)V (105 bytes) @ 0x000000011a1695d4 [0x000000011a169580+0x54]
J 8662 C1 org.apache.catalina.core.StandardWrapperValve.invoke(Lorg/apache/catalina/connector/Request;Lorg/apache/catalina/connector/Response;)V (2693 bytes) @ 0x000000011a4afc8c [0x000000011a4ae340+0x194c]
J 8388 C1 org.apache.catalina.core.StandardContextValve.invoke(Lorg/apache/catalina/connector/Request;Lorg/apache/catalina/connector/Response;)V (172 bytes) @ 0x000000011a3f1d04 [0x000000011a3f17e0+0x524]
J 8083 C1 org.apache.catalina.authenticator.AuthenticatorBase.invoke(Lorg/apache/catalina/connector/Request;Lorg/apache/catalina/connector/Response;)V (821 bytes) @ 0x000000011a3514cc [0x000000011a34ff40+0x158c]
J 8653 C1 org.apache.catalina.core.StandardHostValve.invoke(Lorg/apache/catalina/connector/Request;Lorg/apache/catalina/connector/Response;)V (382 bytes) @ 0x000000011a4a4d64 [0x000000011a4a4a40+0x324]
J 8652 C1 org.apache.catalina.valves.ErrorReportValve.invoke(Lorg/apache/catalina/connector/Request;Lorg/apache/catalina/connector/Response;)V (124 bytes) @ 0x000000011a4a33cc [0x000000011a4a3360+0x6c]
J 8082 C1 org.apache.catalina.core.StandardEngineValve.invoke(Lorg/apache/catalina/connector/Request;Lorg/apache/catalina/connector/Response;)V (51 bytes) @ 0x000000011a34f5dc [0x000000011a34f3e0+0x1fc]
J 9234 C1 org.apache.catalina.connector.CoyoteAdapter.service(Lorg/apache/coyote/Request;Lorg/apache/coyote/Response;)V (892 bytes) @ 0x000000011a5de4f4 [0x000000011a5dde20+0x6d4]
J 8097 C1 org.apache.coyote.http11.Http11Processor.service(Lorg/apache/tomcat/util/net/SocketWrapperBase;)Lorg/apache/tomcat/util/net/AbstractEndpoint$Handler$SocketState; (1236 bytes) @ 0x000000011a35ef7c [0x000000011a35e100+0xe7c]
J 8408 C1 org.apache.coyote.AbstractProcessorLight.process(Lorg/apache/tomcat/util/net/SocketWrapperBase;Lorg/apache/tomcat/util/net/SocketEvent;)Lorg/apache/tomcat/util/net/AbstractEndpoint$Handler$SocketState; (302 bytes) @ 0x000000011a40aed4 [0x000000011a40ac80+0x254]
J 8404 C1 org.apache.coyote.AbstractProtocol$ConnectionHandler.process(Lorg/apache/tomcat/util/net/SocketWrapperBase;Lorg/apache/tomcat/util/net/SocketEvent;)Lorg/apache/tomcat/util/net/AbstractEndpoint$Handler$SocketState; (1269 bytes) @ 0x000000011a3f9d1c [0x000000011a3f9020+0xcfc]
J 8912 C1 org.apache.tomcat.util.net.NioEndpoint$SocketProcessor.doRun()V (620 bytes) @ 0x000000011a5448a4 [0x000000011a544480+0x424]
J 8910 C1 org.apache.tomcat.util.net.SocketProcessorBase.run()V (35 bytes) @ 0x000000011a543a8c [0x000000011a543900+0x18c]
j  java.util.concurrent.ThreadPoolExecutor.runWorker(Ljava/util/concurrent/ThreadPoolExecutor$Worker;)V+95
j  java.util.concurrent.ThreadPoolExecutor$Worker.run()V+5
j  org.apache.tomcat.util.threads.TaskThread$WrappingRunnable.run()V+4
j  java.lang.Thread.run()V+11
v  ~StubRoutines::call_stub

---------------  P R O C E S S  ---------------

Java Threads: ( => current thread )
  0x00007fab8795a800 JavaThread "task-313" [_thread_blocked, id=84667, stack(0x00007000086a0000,0x00007000087a0000)]
  0x00007fab8788a000 JavaThread "task-312" [_thread_blocked, id=47119, stack(0x0000700008fbb000,0x00007000090bb000)]
  0x00007fab86566800 JavaThread "task-311" [_thread_blocked, id=42763, stack(0x000070000859d000,0x000070000869d000)]
  0x00007fab8696a000 JavaThread "task-310" [_thread_blocked, id=45431, stack(0x0000700005307000,0x0000700005407000)]
  0x00007fab86d4e800 JavaThread "task-309" [_thread_blocked, id=82611, stack(0x00007000088a6000,0x00007000089a6000)]
  0x00007fab86569800 JavaThread "task-308" [_thread_blocked, id=48179, stack(0x0000700008db5000,0x0000700008eb5000)]
  0x00007fab86aa9000 JavaThread "parallel-4" daemon [_thread_blocked, id=45751, stack(0x0000700008cb2000,0x0000700008db2000)]
  0x00007fab86d18000 JavaThread "AsyncResolver-bootstrap-executor-0" daemon [_thread_blocked, id=82707, stack(0x00007000087a3000,0x00007000088a3000)]
  0x00007fab8607f800 JavaThread "parallel-3" daemon [_thread_blocked, id=83203, stack(0x0000700008baf000,0x0000700008caf000)]
  0x00007fab86b2c000 JavaThread "DiscoveryClient-HeartbeatExecutor-0" daemon [_thread_blocked, id=83463, stack(0x0000700008aac000,0x0000700008bac000)]
  0x00007fab86b2b000 JavaThread "DiscoveryClient-CacheRefreshExecutor-0" daemon [_thread_blocked, id=83719, stack(0x00007000089a9000,0x0000700008aa9000)]
  0x00007fab86900000 JavaThread "DestroyJavaVM" [_thread_blocked, id=9731, stack(0x0000700003ecb000,0x0000700003fcb000)]
  0x00007fab86425000 JavaThread "http-nio-8991-Acceptor" daemon [_thread_in_native, id=85251, stack(0x000070000849a000,0x000070000859a000)]
  0x00007fab86424800 JavaThread "http-nio-8991-ClientPoller" daemon [_thread_in_native, id=44803, stack(0x0000700008397000,0x0000700008497000)]
  0x00007fab8648a000 JavaThread "http-nio-8991-exec-10" daemon [_thread_blocked, id=85763, stack(0x0000700008294000,0x0000700008394000)]
  0x00007fab862b0800 JavaThread "http-nio-8991-exec-9" daemon [_thread_blocked, id=86019, stack(0x0000700008191000,0x0000700008291000)]
=>0x00007fab87c83000 JavaThread "http-nio-8991-exec-8" daemon [_thread_in_vm, id=44291, stack(0x000070000808e000,0x000070000818e000)]
  0x00007fab863b4800 JavaThread "http-nio-8991-exec-7" daemon [_thread_blocked, id=86787, stack(0x0000700007f8b000,0x000070000808b000)]
  0x00007fab86958800 JavaThread "http-nio-8991-exec-6" daemon [_thread_blocked, id=43779, stack(0x0000700007e88000,0x0000700007f88000)]
  0x00007fab87593000 JavaThread "http-nio-8991-exec-5" daemon [_thread_blocked, id=43523, stack(0x0000700007d85000,0x0000700007e85000)]
  0x00007fab8716d800 JavaThread "http-nio-8991-exec-4" daemon [_thread_blocked, id=31747, stack(0x0000700007c82000,0x0000700007d82000)]
  0x00007fab874a3800 JavaThread "http-nio-8991-exec-3" daemon [_thread_blocked, id=32259, stack(0x0000700007b7f000,0x0000700007c7f000)]
  0x00007fab87a17800 JavaThread "http-nio-8991-exec-2" daemon [_thread_blocked, id=30979, stack(0x0000700007a7c000,0x0000700007b7c000)]
  0x00007fab86dc8000 JavaThread "http-nio-8991-exec-1" daemon [_thread_blocked, id=32515, stack(0x0000700007979000,0x0000700007a79000)]
  0x00007fab86e39800 JavaThread "http-nio-8991-BlockPoller" daemon [_thread_in_native, id=33031, stack(0x0000700007876000,0x0000700007976000)]
  0x00007fab86d90000 JavaThread "container-1" [_thread_blocked, id=33283, stack(0x0000700007773000,0x0000700007873000)]
  0x00007fab871c6000 JavaThread "Catalina-utility-2" [_thread_blocked, id=33795, stack(0x0000700007670000,0x0000700007770000)]
  0x00007fab870f0800 JavaThread "Catalina-utility-1" [_thread_blocked, id=34051, stack(0x000070000756d000,0x000070000766d000)]
  0x00007fab862b0000 JavaThread "http-nio-8383-Acceptor" daemon [_thread_in_native, id=34307, stack(0x000070000746a000,0x000070000756a000)]
  0x00007fab874e2000 JavaThread "http-nio-8383-ClientPoller" daemon [_thread_in_native, id=34819, stack(0x0000700007367000,0x0000700007467000)]
  0x00007fab862af000 JavaThread "http-nio-8383-exec-10" daemon [_thread_blocked, id=35075, stack(0x0000700007264000,0x0000700007364000)]
  0x00007fab87af3800 JavaThread "http-nio-8383-exec-9" daemon [_thread_blocked, id=29187, stack(0x0000700007161000,0x0000700007261000)]
  0x00007fab87ac1800 JavaThread "http-nio-8383-exec-8" daemon [_thread_blocked, id=28675, stack(0x000070000705e000,0x000070000715e000)]
  0x00007fab8685b800 JavaThread "http-nio-8383-exec-7" daemon [_thread_blocked, id=35331, stack(0x0000700006f5b000,0x000070000705b000)]
  0x00007fab86a83800 JavaThread "http-nio-8383-exec-6" daemon [_thread_blocked, id=35587, stack(0x0000700006e58000,0x0000700006f58000)]
  0x00007fab87983800 JavaThread "http-nio-8383-exec-5" daemon [_thread_blocked, id=36099, stack(0x0000700006d55000,0x0000700006e55000)]
  0x00007fab874e1800 JavaThread "http-nio-8383-exec-4" daemon [_thread_blocked, id=36355, stack(0x0000700006c52000,0x0000700006d52000)]
  0x00007fab86b3b000 JavaThread "http-nio-8383-exec-3" daemon [_thread_blocked, id=36867, stack(0x0000700006b4f000,0x0000700006c4f000)]
  0x00007fab87cc5000 JavaThread "http-nio-8383-exec-2" daemon [_thread_blocked, id=27651, stack(0x0000700006a4c000,0x0000700006b4c000)]
  0x00007fab87baa800 JavaThread "http-nio-8383-exec-1" daemon [_thread_blocked, id=27395, stack(0x0000700006949000,0x0000700006a49000)]
  0x00007fab862cf000 JavaThread "http-nio-8383-BlockPoller" daemon [_thread_in_native, id=37635, stack(0x0000700006846000,0x0000700006946000)]
  0x00007fab869c8000 JavaThread "reactor-http-nio-4" daemon [_thread_in_native, id=26883, stack(0x0000700006743000,0x0000700006843000)]
  0x00007fab869c7000 JavaThread "reactor-http-nio-3" daemon [_thread_in_native, id=38403, stack(0x0000700006640000,0x0000700006740000)]
  0x00007fab87982000 JavaThread "reactor-http-nio-2" daemon [_thread_in_native, id=26627, stack(0x000070000653d000,0x000070000663d000)]
  0x00007fab87989800 JavaThread "reactor-http-nio-1" daemon [_thread_in_native, id=26119, stack(0x000070000643a000,0x000070000653a000)]
  0x00007fab86ebe000 JavaThread "DiscoveryClient-InstanceInfoReplicator-0" daemon [_thread_blocked, id=25859, stack(0x0000700006337000,0x0000700006437000)]
  0x00007fab87af3000 JavaThread "DiscoveryClient-1" daemon [_thread_blocked, id=25347, stack(0x0000700006234000,0x0000700006334000)]
  0x00007fab879fd800 JavaThread "DiscoveryClient-0" daemon [_thread_blocked, id=24835, stack(0x0000700006131000,0x0000700006231000)]
  0x00007fab86ebd000 JavaThread "AsyncResolver-bootstrap-0" daemon [_thread_blocked, id=24587, stack(0x000070000602e000,0x000070000612e000)]
  0x00007fab86ebc800 JavaThread "Eureka-JerseyClient-Conn-Cleaner2" daemon [_thread_blocked, id=3083, stack(0x0000700005f2b000,0x000070000602b000)]
  0x00007fab86e69800 JavaThread "spring.cloud.inetutils" daemon [_thread_blocked, id=24067, stack(0x0000700005e28000,0x0000700005f28000)]
  0x00007fab87448000 JavaThread "parallel-2" daemon [_thread_blocked, id=23811, stack(0x0000700005d25000,0x0000700005e25000)]
  0x00007fab86489000 JavaThread "info-check-5" [_thread_blocked, id=39939, stack(0x0000700005c22000,0x0000700005d22000)]
  0x00007fab86490800 JavaThread "info-updater-4" [_thread_blocked, id=23555, stack(0x0000700005b1f000,0x0000700005c1f000)]
  0x00007fab86473800 JavaThread "endpoint-detector-3" [_thread_blocked, id=40707, stack(0x0000700005a1c000,0x0000700005b1c000)]
  0x00007fab87c90000 JavaThread "parallel-1" daemon [_thread_blocked, id=40963, stack(0x0000700005919000,0x0000700005a19000)]
  0x00007fab86e4c000 JavaThread "status-check-2" [_thread_blocked, id=22787, stack(0x0000700005816000,0x0000700005916000)]
  0x00007fab86453000 JavaThread "status-updater-1" [_thread_blocked, id=41223, stack(0x0000700005713000,0x0000700005813000)]
  0x00007fab87c45800 JavaThread "container-0" [_thread_blocked, id=41735, stack(0x0000700005610000,0x0000700005710000)]
  0x00007fab86e2d000 JavaThread "Catalina-utility-2" [_thread_blocked, id=42251, stack(0x000070000550d000,0x000070000560d000)]
  0x00007fab87c2d800 JavaThread "Catalina-utility-1" [_thread_blocked, id=16411, stack(0x0000700005101000,0x0000700005201000)]
  0x00007fab861d0000 JavaThread "RMI Scheduler(0)" daemon [_thread_blocked, id=22019, stack(0x000070000540a000,0x000070000550a000)]
  0x00007fab8766f800 JavaThread "Attach Listener" daemon [_thread_blocked, id=43271, stack(0x0000700005204000,0x0000700005304000)]
  0x00007fab860ca000 JavaThread "RMI TCP Accept-0" daemon [_thread_in_native, id=17155, stack(0x0000700004efb000,0x0000700004ffb000)]
  0x00007fab869e3000 JavaThread "Service Thread" daemon [_thread_blocked, id=15875, stack(0x0000700004df8000,0x0000700004ef8000)]
  0x00007fab8606f800 JavaThread "C1 CompilerThread2" daemon [_thread_blocked, id=17923, stack(0x0000700004cf5000,0x0000700004df5000)]
  0x00007fab8793c000 JavaThread "C2 CompilerThread1" daemon [_thread_blocked, id=15619, stack(0x0000700004bf2000,0x0000700004cf2000)]
  0x00007fab8746b800 JavaThread "C2 CompilerThread0" daemon [_thread_blocked, id=18691, stack(0x0000700004aef000,0x0000700004bef000)]
  0x00007fab86028800 JavaThread "JDWP Command Reader" daemon [_thread_in_native, id=18947, stack(0x00007000049ec000,0x0000700004aec000)]
  0x00007fab86838800 JavaThread "JDWP Event Helper Thread" daemon [_thread_blocked, id=19203, stack(0x00007000048e9000,0x00007000049e9000)]
  0x00007fab8784a800 JavaThread "JDWP Transport Listener: dt_socket" daemon [_thread_blocked, id=19719, stack(0x00007000047e6000,0x00007000048e6000)]
  0x00007fab87831000 JavaThread "Signal Dispatcher" daemon [_thread_blocked, id=14851, stack(0x00007000046e3000,0x00007000047e3000)]
  0x00007fab86836000 JavaThread "Finalizer" daemon [_thread_blocked, id=20995, stack(0x00007000045e0000,0x00007000046e0000)]
  0x00007fab8680f800 JavaThread "Reference Handler" daemon [_thread_blocked, id=11779, stack(0x00007000044dd000,0x00007000045dd000)]

Other Threads:
  0x00007fab8704f800 VMThread [stack: 0x00007000043da000,0x00007000044da000] [id=11523]
  0x00007fab874b2000 WatcherThread [stack: 0x0000700004ffe000,0x00007000050fe000] [id=16899]

VM state:not at safepoint (normal execution)

VM Mutex/Monitor currently owned by a thread: None

heap address: 0x0000000740000000, size: 2048 MB, Compressed Oops mode: Zero based, Oop shift amount: 3
Narrow klass base: 0x0000000000000000, Narrow klass shift: 3
Compressed class space size: 1073741824 Address: 0x00000007c0000000

Heap:
 PSYoungGen      total 194048K, used 149695K [0x0000000795580000, 0x00000007a5880000, 0x00000007c0000000)
  eden space 187392K, 76% used [0x0000000795580000,0x000000079e1a7f38,0x00000007a0c80000)
  from space 6656K, 92% used [0x00000007a3e00000,0x00000007a4408000,0x00000007a4480000)
  to   space 16384K, 0% used [0x00000007a4880000,0x00000007a4880000,0x00000007a5880000)
 ParOldGen       total 131584K, used 41504K [0x0000000740000000, 0x0000000748080000, 0x0000000795580000)
  object space 131584K, 31% used [0x0000000740000000,0x0000000742888268,0x0000000748080000)
 Metaspace       used 62681K, capacity 66882K, committed 67072K, reserved 1107968K
  class space    used 8474K, capacity 9186K, committed 9216K, reserved 1048576K

Card table byte_map: [0x000000010e831000,0x000000010ec32000] byte_map_base: 0x000000010ae31000

Marking Bits: (ParMarkBitMap*) 0x000000010d45ce40
 Begin Bits: [0x000000010eedd000, 0x0000000110edd000)
 End Bits:   [0x0000000110edd000, 0x0000000112edd000)

Polling page: 0x000000010db5e000

CodeCache: size=245760Kb used=22551Kb max_used=22551Kb free=223208Kb
 bounds [0x00000001194aa000, 0x000000011aaba000, 0x00000001284aa000]
 total_blobs=12262 nmethods=11692 adapters=490
 compilation: enabled

Compilation events (10 events):
Event: 3224.631 Thread 0x00007fab8606f800 nmethod 11847 0x000000011aaaaf90 code [0x000000011aaab220, 0x000000011aaaba68]
Event: 3224.631 Thread 0x00007fab8606f800 11848       1       io.netty.channel.DefaultChannelPipeline::generateName (122 bytes)
Event: 3224.632 Thread 0x00007fab8606f800 nmethod 11848 0x000000011aaac150 code [0x000000011aaac3c0, 0x000000011aaacde8]
Event: 3224.632 Thread 0x00007fab8606f800 11849       1       io.netty.channel.ChannelInitializer::handlerAdded (28 bytes)
Event: 3224.633 Thread 0x00007fab8606f800 nmethod 11849 0x000000011aaad8d0 code [0x000000011aaada60, 0x000000011aaadc48]
Event: 3224.633 Thread 0x00007fab8606f800 11850   !   1       io.netty.channel.ChannelInitializer::initChannel (121 bytes)
Event: 3224.633 Thread 0x00007fab8606f800 nmethod 11850 0x000000011aaadd50 code [0x000000011aaadf60, 0x000000011aaae388]
Event: 3224.633 Thread 0x00007fab8606f800 11851       1       sun.nio.ch.KQueueSelectorImpl$MapEntry::<init> (10 bytes)
Event: 3224.633 Thread 0x00007fab8606f800 nmethod 11851 0x000000011aaae650 code [0x000000011aaae7a0, 0x000000011aaae8d0]
Event: 3224.730 Thread 0x00007fab8606f800 11854       1       org.apache.tomcat.util.http.Rfc6265CookieProcessor::validatePath (70 bytes)

GC Heap History (10 events):
Event: 2373.466 GC heap before
{Heap before GC invocations=28 (full 3):
 PSYoungGen      total 229376K, used 229152K [0x0000000795580000, 0x00000007a8100000, 0x00000007c0000000)
  eden space 221696K, 100% used [0x0000000795580000,0x00000007a2e00000,0x00000007a2e00000)
  from space 7680K, 97% used [0x00000007a7980000,0x00000007a80c8010,0x00000007a8100000)
  to   space 18432K, 0% used [0x00000007a5d00000,0x00000007a5d00000,0x00000007a6f00000)
 ParOldGen       total 131584K, used 40804K [0x0000000740000000, 0x0000000748080000, 0x0000000795580000)
  object space 131584K, 31% used [0x0000000740000000,0x00000007427d9208,0x0000000748080000)
 Metaspace       used 62493K, capacity 66538K, committed 66816K, reserved 1107968K
  class space    used 8445K, capacity 9150K, committed 9216K, reserved 1048576K
Event: 2373.483 GC heap after
Heap after GC invocations=28 (full 3):
 PSYoungGen      total 221696K, used 7264K [0x0000000795580000, 0x00000007a7a00000, 0x00000007c0000000)
  eden space 214016K, 0% used [0x0000000795580000,0x0000000795580000,0x00000007a2680000)
  from space 7680K, 94% used [0x00000007a5d00000,0x00000007a6418010,0x00000007a6480000)
  to   space 17920K, 0% used [0x00000007a6880000,0x00000007a6880000,0x00000007a7a00000)
 ParOldGen       total 131584K, used 40804K [0x0000000740000000, 0x0000000748080000, 0x0000000795580000)
  object space 131584K, 31% used [0x0000000740000000,0x00000007427d9208,0x0000000748080000)
 Metaspace       used 62493K, capacity 66538K, committed 66816K, reserved 1107968K
  class space    used 8445K, capacity 9150K, committed 9216K, reserved 1048576K
}
Event: 2523.380 GC heap before
{Heap before GC invocations=29 (full 3):
 PSYoungGen      total 221696K, used 221280K [0x0000000795580000, 0x00000007a7a00000, 0x00000007c0000000)
  eden space 214016K, 100% used [0x0000000795580000,0x00000007a2680000,0x00000007a2680000)
  from space 7680K, 94% used [0x00000007a5d00000,0x00000007a6418010,0x00000007a6480000)
  to   space 17920K, 0% used [0x00000007a6880000,0x00000007a6880000,0x00000007a7a00000)
 ParOldGen       total 131584K, used 40804K [0x0000000740000000, 0x0000000748080000, 0x0000000795580000)
  object space 131584K, 31% used [0x0000000740000000,0x00000007427d9208,0x0000000748080000)
 Metaspace       used 62493K, capacity 66538K, committed 66816K, reserved 1107968K
  class space    used 8445K, capacity 9150K, committed 9216K, reserved 1048576K
Event: 2523.395 GC heap after
Heap after GC invocations=29 (full 3):
 PSYoungGen      total 214528K, used 7232K [0x0000000795580000, 0x00000007a7000000, 0x00000007c0000000)
  eden space 206848K, 0% used [0x0000000795580000,0x0000000795580000,0x00000007a1f80000)
  from space 7680K, 94% used [0x00000007a6880000,0x00000007a6f90010,0x00000007a7000000)
  to   space 17408K, 0% used [0x00000007a4e00000,0x00000007a4e00000,0x00000007a5f00000)
 ParOldGen       total 131584K, used 40812K [0x0000000740000000, 0x0000000748080000, 0x0000000795580000)
  object space 131584K, 31% used [0x0000000740000000,0x00000007427db208,0x0000000748080000)
 Metaspace       used 62493K, capacity 66538K, committed 66816K, reserved 1107968K
  class space    used 8445K, capacity 9150K, committed 9216K, reserved 1048576K
}
Event: 2666.329 GC heap before
{Heap before GC invocations=30 (full 3):
 PSYoungGen      total 214528K, used 214080K [0x0000000795580000, 0x00000007a7000000, 0x00000007c0000000)
  eden space 206848K, 100% used [0x0000000795580000,0x00000007a1f80000,0x00000007a1f80000)
  from space 7680K, 94% used [0x00000007a6880000,0x00000007a6f90010,0x00000007a7000000)
  to   space 17408K, 0% used [0x00000007a4e00000,0x00000007a4e00000,0x00000007a5f00000)
 ParOldGen       total 131584K, used 40812K [0x0000000740000000, 0x0000000748080000, 0x0000000795580000)
  object space 131584K, 31% used [0x0000000740000000,0x00000007427db208,0x0000000748080000)
 Metaspace       used 62551K, capacity 66606K, committed 66816K, reserved 1107968K
  class space    used 8445K, capacity 9150K, committed 9216K, reserved 1048576K
Event: 2666.341 GC heap after
Heap after GC invocations=30 (full 3):
 PSYoungGen      total 207360K, used 7008K [0x0000000795580000, 0x00000007a6900000, 0x00000007c0000000)
  eden space 200192K, 0% used [0x0000000795580000,0x0000000795580000,0x00000007a1900000)
  from space 7168K, 97% used [0x00000007a4e00000,0x00000007a54d8010,0x00000007a5500000)
  to   space 17408K, 0% used [0x00000007a5800000,0x00000007a5800000,0x00000007a6900000)
 ParOldGen       total 131584K, used 40820K [0x0000000740000000, 0x0000000748080000, 0x0000000795580000)
  object space 131584K, 31% used [0x0000000740000000,0x00000007427dd208,0x0000000748080000)
 Metaspace       used 62551K, capacity 66606K, committed 66816K, reserved 1107968K
  class space    used 8445K, capacity 9150K, committed 9216K, reserved 1048576K
}
Event: 2803.373 GC heap before
{Heap before GC invocations=31 (full 3):
 PSYoungGen      total 207360K, used 207200K [0x0000000795580000, 0x00000007a6900000, 0x00000007c0000000)
  eden space 200192K, 100% used [0x0000000795580000,0x00000007a1900000,0x00000007a1900000)
  from space 7168K, 97% used [0x00000007a4e00000,0x00000007a54d8010,0x00000007a5500000)
  to   space 17408K, 0% used [0x00000007a5800000,0x00000007a5800000,0x00000007a6900000)
 ParOldGen       total 131584K, used 40820K [0x0000000740000000, 0x0000000748080000, 0x0000000795580000)
  object space 131584K, 31% used [0x0000000740000000,0x00000007427dd208,0x0000000748080000)
 Metaspace       used 62551K, capacity 66606K, committed 66816K, reserved 1107968K
  class space    used 8445K, capacity 9150K, committed 9216K, reserved 1048576K
Event: 2803.390 GC heap after
Heap after GC invocations=31 (full 3):
 PSYoungGen      total 200704K, used 6976K [0x0000000795580000, 0x00000007a5f00000, 0x00000007c0000000)
  eden space 193536K, 0% used [0x0000000795580000,0x0000000795580000,0x00000007a1280000)
  from space 7168K, 97% used [0x00000007a5800000,0x00000007a5ed0010,0x00000007a5f00000)
  to   space 16896K, 0% used [0x00000007a3e00000,0x00000007a3e00000,0x00000007a4e80000)
 ParOldGen       total 131584K, used 40828K [0x0000000740000000, 0x0000000748080000, 0x0000000795580000)
  object space 131584K, 31% used [0x0000000740000000,0x00000007427df208,0x0000000748080000)
 Metaspace       used 62551K, capacity 66606K, committed 66816K, reserved 1107968K
  class space    used 8445K, capacity 9150K, committed 9216K, reserved 1048576K
}
Event: 2936.359 GC heap before
{Heap before GC invocations=32 (full 3):
 PSYoungGen      total 200704K, used 200512K [0x0000000795580000, 0x00000007a5f00000, 0x00000007c0000000)
  eden space 193536K, 100% used [0x0000000795580000,0x00000007a1280000,0x00000007a1280000)
  from space 7168K, 97% used [0x00000007a5800000,0x00000007a5ed0010,0x00000007a5f00000)
  to   space 16896K, 0% used [0x00000007a3e00000,0x00000007a3e00000,0x00000007a4e80000)
 ParOldGen       total 131584K, used 40828K [0x0000000740000000, 0x0000000748080000, 0x0000000795580000)
  object space 131584K, 31% used [0x0000000740000000,0x00000007427df208,0x0000000748080000)
 Metaspace       used 62551K, capacity 66606K, committed 66816K, reserved 1107968K
  class space    used 8445K, capacity 9150K, committed 9216K, reserved 1048576K
Event: 2936.367 GC heap after
Heap after GC invocations=32 (full 3):
 PSYoungGen      total 194048K, used 6176K [0x0000000795580000, 0x00000007a5880000, 0x00000007c0000000)
  eden space 187392K, 0% used [0x0000000795580000,0x0000000795580000,0x00000007a0c80000)
  from space 6656K, 92% used [0x00000007a3e00000,0x00000007a4408000,0x00000007a4480000)
  to   space 16384K, 0% used [0x00000007a4880000,0x00000007a4880000,0x00000007a5880000)
 ParOldGen       total 131584K, used 41504K [0x0000000740000000, 0x0000000748080000, 0x0000000795580000)
  object space 131584K, 31% used [0x0000000740000000,0x0000000742888268,0x0000000748080000)
 Metaspace       used 62551K, capacity 66606K, committed 66816K, reserved 1107968K
  class space    used 8445K, capacity 9150K, committed 9216K, reserved 1048576K
}

Deoptimization events (0 events):
No events

Classes redefined (0 events):
No events

Internal exceptions (10 events):
Event: 3191.743 Thread 0x00007fab86b2b000 Exception <a 'java/net/SocketTimeoutException': Read timed out> (0x000000079dea77d0) thrown at [/Users/java_re/workspace/8-2-build-macosx-x86_64/jdk8u221/13320/hotspot/src/share/vm/prims/jni.cpp, line 736]
Event: 3196.756 Thread 0x00007fab86b2b000 Exception <a 'java/net/SocketTimeoutException': Read timed out> (0x000000079dee3a20) thrown at [/Users/java_re/workspace/8-2-build-macosx-x86_64/jdk8u221/13320/hotspot/src/share/vm/prims/jni.cpp, line 736]
Event: 3198.440 Thread 0x00007fab86b2c000 Exception <a 'java/net/SocketTimeoutException': Read timed out> (0x000000079df32f70) thrown at [/Users/java_re/workspace/8-2-build-macosx-x86_64/jdk8u221/13320/hotspot/src/share/vm/prims/jni.cpp, line 736]
Event: 3201.760 Thread 0x00007fab86b2b000 Exception <a 'java/net/SocketTimeoutException': Read timed out> (0x000000079df27d90) thrown at [/Users/java_re/workspace/8-2-build-macosx-x86_64/jdk8u221/13320/hotspot/src/share/vm/prims/jni.cpp, line 736]
Event: 3206.773 Thread 0x00007fab86b2b000 Exception <a 'java/net/SocketTimeoutException': Read timed out> (0x000000079df62c58) thrown at [/Users/java_re/workspace/8-2-build-macosx-x86_64/jdk8u221/13320/hotspot/src/share/vm/prims/jni.cpp, line 736]
Event: 3208.451 Thread 0x00007fab86b2c000 Exception <a 'java/net/SocketTimeoutException': Read timed out> (0x000000079e052a38) thrown at [/Users/java_re/workspace/8-2-build-macosx-x86_64/jdk8u221/13320/hotspot/src/share/vm/prims/jni.cpp, line 736]
Event: 3211.784 Thread 0x00007fab86b2b000 Exception <a 'java/net/SocketTimeoutException': Read timed out> (0x000000079e045858) thrown at [/Users/java_re/workspace/8-2-build-macosx-x86_64/jdk8u221/13320/hotspot/src/share/vm/prims/jni.cpp, line 736]
Event: 3216.791 Thread 0x00007fab86b2b000 Exception <a 'java/net/SocketTimeoutException': Read timed out> (0x000000079e084508) thrown at [/Users/java_re/workspace/8-2-build-macosx-x86_64/jdk8u221/13320/hotspot/src/share/vm/prims/jni.cpp, line 736]
Event: 3218.545 Thread 0x00007fab86b2c000 Exception <a 'java/lang/ClassCastException'> (0x000000079e05c328) thrown at [/Users/java_re/workspace/8-2-build-macosx-x86_64/jdk8u221/13320/hotspot/src/share/vm/runtime/sharedRuntime.cpp, line 605]
Event: 3221.798 Thread 0x00007fab86b2b000 Exception <a 'java/lang/ClassCastException'> (0x000000079e101d28) thrown at [/Users/java_re/workspace/8-2-build-macosx-x86_64/jdk8u221/13320/hotspot/src/share/vm/runtime/sharedRuntime.cpp, line 605]

Events (10 events):
Event: 3221.798 Thread 0x00007fab86b2b000 DEOPT PACKING pc=0x000000011a8fbaf4 sp=0x0000700008aa8210
Event: 3221.798 Thread 0x00007fab86b2b000 DEOPT UNPACKING pc=0x00000001194f1784 sp=0x0000700008aa7fe0 mode 1
Event: 3221.798 Thread 0x00007fab86b2b000 DEOPT PACKING pc=0x000000011a8ed494 sp=0x0000700008aa8310
Event: 3221.798 Thread 0x00007fab86b2b000 DEOPT UNPACKING pc=0x00000001194f1784 sp=0x0000700008aa81d0 mode 1
Event: 3224.632 Executing VM operation: RevokeBias
Event: 3224.632 Executing VM operation: RevokeBias done
Event: 3224.632 Executing VM operation: RevokeBias
Event: 3224.633 Executing VM operation: RevokeBias done
Event: 3224.633 Executing VM operation: RevokeBias
Event: 3224.633 Executing VM operation: RevokeBias done


Dynamic libraries:
0x00007fff2a7fc000 	/System/Library/Frameworks/Cocoa.framework/Versions/A/Cocoa
0x00007fff36e15000 	/System/Library/Frameworks/Security.framework/Versions/A/Security
0x00007fff2943e000 	/System/Library/Frameworks/ApplicationServices.framework/Versions/A/ApplicationServices
0x00007fff52c55000 	/usr/lib/libz.1.dylib
0x00007fff50b86000 	/usr/lib/libSystem.B.dylib
0x00007fff5223f000 	/usr/lib/libobjc.A.dylib
0x00007fff2afaf000 	/System/Library/Frameworks/CoreFoundation.framework/Versions/A/CoreFoundation
0x00007fff2d110000 	/System/Library/Frameworks/Foundation.framework/Versions/C/Foundation
0x00007fff2858e000 	/System/Library/Frameworks/AppKit.framework/Versions/C/AppKit
0x00007fff2ab74000 	/System/Library/Frameworks/CoreData.framework/Versions/A/CoreData
0x00007fff4a4cb000 	/System/Library/PrivateFrameworks/RemoteViewServices.framework/Versions/A/RemoteViewServices
0x00007fff4ec2b000 	/System/Library/PrivateFrameworks/UIFoundation.framework/Versions/A/UIFoundation
0x00007fff3f2dd000 	/System/Library/PrivateFrameworks/DFRFoundation.framework/Versions/A/DFRFoundation
0x00007fff2f77c000 	/System/Library/Frameworks/Metal.framework/Versions/A/Metal
0x00007fff3f47a000 	/System/Library/PrivateFrameworks/DesktopServicesPriv.framework/Versions/A/DesktopServicesPriv
0x00007fff5178c000 	/usr/lib/libenergytrace.dylib
0x00007fff4cc96000 	/System/Library/PrivateFrameworks/SkyLight.framework/Versions/A/SkyLight
0x00007fff2b452000 	/System/Library/Frameworks/CoreGraphics.framework/Versions/A/CoreGraphics
0x00007fff50b81000 	/usr/lib/libScreenReader.dylib
0x00007fff27528000 	/System/Library/Frameworks/Accelerate.framework/Versions/A/Accelerate
0x00007fff2d88a000 	/System/Library/Frameworks/IOSurface.framework/Versions/A/IOSurface
0x00007fff29988000 	/System/Library/Frameworks/AudioToolbox.framework/Versions/A/AudioToolbox
0x00007fff29c18000 	/System/Library/Frameworks/AudioUnit.framework/Versions/A/AudioUnit
0x00007fff3f375000 	/System/Library/PrivateFrameworks/DataDetectorsCore.framework/Versions/A/DataDetectorsCore
0x00007fff2a2ef000 	/System/Library/Frameworks/Carbon.framework/Versions/A/Frameworks/HIToolbox.framework/Versions/A/HIToolbox
0x00007fff518e6000 	/usr/lib/libicucore.A.dylib
0x00007fff36394000 	/System/Library/Frameworks/QuartzCore.framework/Versions/A/QuartzCore
0x00007fff4bf4d000 	/System/Library/PrivateFrameworks/SignpostNotification.framework/Versions/A/SignpostNotification
0x00007fff2a6d5000 	/System/Library/Frameworks/Carbon.framework/Versions/A/Frameworks/SpeechRecognition.framework/Versions/A/SpeechRecognition
0x00007fff50ce2000 	/usr/lib/libauto.dylib
0x00007fff52b44000 	/usr/lib/libxml2.2.dylib
0x00007fff3ef2e000 	/System/Library/PrivateFrameworks/CoreUI.framework/Versions/A/CoreUI
0x00007fff2aa50000 	/System/Library/Frameworks/CoreAudio.framework/Versions/A/CoreAudio
0x00007fff2cf4a000 	/System/Library/Frameworks/DiskArbitration.framework/Versions/A/DiskArbitration
0x00007fff51b5a000 	/usr/lib/liblangid.dylib
0x00007fff469d5000 	/System/Library/PrivateFrameworks/MultitouchSupport.framework/Versions/A/MultitouchSupport
0x00007fff2d7ed000 	/System/Library/Frameworks/IOKit.framework/Versions/A/IOKit
0x00007fff50810000 	/usr/lib/libDiagnosticMessagesClient.dylib
0x00007fff2c128000 	/System/Library/Frameworks/CoreServices.framework/Versions/A/CoreServices
0x00007fff48507000 	/System/Library/PrivateFrameworks/PerformanceAnalysis.framework/Versions/A/PerformanceAnalysis
0x00007fff35536000 	/System/Library/Frameworks/OpenGL.framework/Versions/A/OpenGL
0x00007fff2a80a000 	/System/Library/Frameworks/ColorSync.framework/Versions/A/ColorSync
0x00007fff2ba64000 	/System/Library/Frameworks/CoreImage.framework/Versions/A/CoreImage
0x00007fff2cab8000 	/System/Library/Frameworks/CoreText.framework/Versions/A/CoreText
0x00007fff2d8e8000 	/System/Library/Frameworks/ImageIO.framework/Versions/A/ImageIO
0x00007fff3bc25000 	/System/Library/PrivateFrameworks/Backup.framework/Versions/A/Backup
0x00007fff50c32000 	/usr/lib/libarchive.2.dylib
0x00007fff29f3b000 	/System/Library/Frameworks/CFNetwork.framework/Versions/A/CFNetwork
0x00007fff375a8000 	/System/Library/Frameworks/SystemConfiguration.framework/Versions/A/SystemConfiguration
0x00007fff50739000 	/usr/lib/libCRFSuite.dylib
0x00007fff50dbb000 	/usr/lib/libc++.1.dylib
0x00007fff50e12000 	/usr/lib/libc++abi.dylib
0x00007fff52d03000 	/usr/lib/system/libcache.dylib
0x00007fff52d08000 	/usr/lib/system/libcommonCrypto.dylib
0x00007fff52d13000 	/usr/lib/system/libcompiler_rt.dylib
0x00007fff52d1b000 	/usr/lib/system/libcopyfile.dylib
0x00007fff52d25000 	/usr/lib/system/libcorecrypto.dylib
0x00007fff52e32000 	/usr/lib/system/libdispatch.dylib
0x00007fff52e6c000 	/usr/lib/system/libdyld.dylib
0x00007fff52e8a000 	/usr/lib/system/libkeymgr.dylib
0x00007fff52e98000 	/usr/lib/system/liblaunch.dylib
0x00007fff52e99000 	/usr/lib/system/libmacho.dylib
0x00007fff52e9e000 	/usr/lib/system/libquarantine.dylib
0x00007fff52ea1000 	/usr/lib/system/libremovefile.dylib
0x00007fff52ea3000 	/usr/lib/system/libsystem_asl.dylib
0x00007fff52ebb000 	/usr/lib/system/libsystem_blocks.dylib
0x00007fff52ebc000 	/usr/lib/system/libsystem_c.dylib
0x00007fff52f46000 	/usr/lib/system/libsystem_configuration.dylib
0x00007fff52f4a000 	/usr/lib/system/libsystem_coreservices.dylib
0x00007fff52f4e000 	/usr/lib/system/libsystem_darwin.dylib
0x00007fff52f50000 	/usr/lib/system/libsystem_dnssd.dylib
0x00007fff52f57000 	/usr/lib/system/libsystem_info.dylib
0x00007fff52fc8000 	/usr/lib/system/libsystem_m.dylib
0x00007fff53014000 	/usr/lib/system/libsystem_malloc.dylib
0x00007fff53034000 	/usr/lib/system/libsystem_network.dylib
0x00007fff53165000 	/usr/lib/system/libsystem_networkextension.dylib
0x00007fff53170000 	/usr/lib/system/libsystem_notify.dylib
0x00007fff5318e000 	/usr/lib/system/libsystem_sandbox.dylib
0x00007fff53192000 	/usr/lib/system/libsystem_secinit.dylib
0x00007fff52fa1000 	/usr/lib/system/libsystem_kernel.dylib
0x00007fff5317a000 	/usr/lib/system/libsystem_platform.dylib
0x00007fff53182000 	/usr/lib/system/libsystem_pthread.dylib
0x00007fff53194000 	/usr/lib/system/libsystem_symptoms.dylib
0x00007fff5319c000 	/usr/lib/system/libsystem_trace.dylib
0x00007fff531b1000 	/usr/lib/system/libunwind.dylib
0x00007fff531b7000 	/usr/lib/system/libxpc.dylib
0x00007fff5064c000 	/usr/lib/closure/libclosured.dylib
0x00007fff50d9c000 	/usr/lib/libbsm.0.dylib
0x00007fff52e8b000 	/usr/lib/system/libkxld.dylib
0x00007fff50a4a000 	/usr/lib/libOpenScriptingUtil.dylib
0x00007fff5110b000 	/usr/lib/libcoretls.dylib
0x00007fff51124000 	/usr/lib/libcoretls_cfhelpers.dylib
0x00007fff52640000 	/usr/lib/libpam.2.dylib
0x00007fff52767000 	/usr/lib/libsqlite3.dylib
0x00007fff52b33000 	/usr/lib/libxar.1.dylib
0x00007fff50dad000 	/usr/lib/libbz2.1.0.dylib
0x00007fff51b5c000 	/usr/lib/liblzma.5.dylib
0x00007fff5203d000 	/usr/lib/libnetwork.dylib
0x00007fff50c1b000 	/usr/lib/libapple_nghttp2.dylib
0x00007fff52647000 	/usr/lib/libpcap.A.dylib
0x00007fff50ce3000 	/usr/lib/libboringssl.dylib
0x00007fff52ace000 	/usr/lib/libusrtcp.dylib
0x00007fff50c1a000 	/usr/lib/libapple_crypto.dylib
0x00007fff2c4ab000 	/System/Library/Frameworks/CoreServices.framework/Versions/A/Frameworks/FSEvents.framework/Versions/A/FSEvents
0x00007fff2c19e000 	/System/Library/Frameworks/CoreServices.framework/Versions/A/Frameworks/CarbonCore.framework/Versions/A/CarbonCore
0x00007fff2c672000 	/System/Library/Frameworks/CoreServices.framework/Versions/A/Frameworks/Metadata.framework/Versions/A/Metadata
0x00007fff2c723000 	/System/Library/Frameworks/CoreServices.framework/Versions/A/Frameworks/OSServices.framework/Versions/A/OSServices
0x00007fff2c784000 	/System/Library/Frameworks/CoreServices.framework/Versions/A/Frameworks/SearchKit.framework/Versions/A/SearchKit
0x00007fff2c129000 	/System/Library/Frameworks/CoreServices.framework/Versions/A/Frameworks/AE.framework/Versions/A/AE
0x00007fff2c4b4000 	/System/Library/Frameworks/CoreServices.framework/Versions/A/Frameworks/LaunchServices.framework/Versions/A/LaunchServices
0x00007fff2c476000 	/System/Library/Frameworks/CoreServices.framework/Versions/A/Frameworks/DictionaryServices.framework/Versions/A/DictionaryServices
0x00007fff2c7f3000 	/System/Library/Frameworks/CoreServices.framework/Versions/A/Frameworks/SharedFileList.framework/Versions/A/SharedFileList
0x00007fff309b2000 	/System/Library/Frameworks/NetFS.framework/Versions/A/NetFS
0x00007fff46c66000 	/System/Library/PrivateFrameworks/NetAuth.framework/Versions/A/NetAuth
0x00007fff504e3000 	/System/Library/PrivateFrameworks/login.framework/Versions/A/Frameworks/loginsupport.framework/Versions/A/loginsupport
0x00007fff4e8a8000 	/System/Library/PrivateFrameworks/TCC.framework/Versions/A/TCC
0x00007fff51c3d000 	/usr/lib/libmecabra.dylib
0x00007fff2943f000 	/System/Library/Frameworks/ApplicationServices.framework/Versions/A/Frameworks/ATS.framework/Versions/A/ATS
0x00007fff297ed000 	/System/Library/Frameworks/ApplicationServices.framework/Versions/A/Frameworks/ColorSyncLegacy.framework/Versions/A/ColorSyncLegacy
0x00007fff29891000 	/System/Library/Frameworks/ApplicationServices.framework/Versions/A/Frameworks/HIServices.framework/Versions/A/HIServices
0x00007fff298e4000 	/System/Library/Frameworks/ApplicationServices.framework/Versions/A/Frameworks/LangAnalysis.framework/Versions/A/LangAnalysis
0x00007fff298f3000 	/System/Library/Frameworks/ApplicationServices.framework/Versions/A/Frameworks/PrintCore.framework/Versions/A/PrintCore
0x00007fff29940000 	/System/Library/Frameworks/ApplicationServices.framework/Versions/A/Frameworks/QD.framework/Versions/A/QD
0x00007fff2997b000 	/System/Library/Frameworks/ApplicationServices.framework/Versions/A/Frameworks/SpeechSynthesis.framework/Versions/A/SpeechSynthesis
0x00007fff2aecb000 	/System/Library/Frameworks/CoreDisplay.framework/Versions/A/CoreDisplay
0x00007fff27540000 	/System/Library/Frameworks/Accelerate.framework/Versions/A/Frameworks/vImage.framework/Versions/A/vImage
0x00007fff2829a000 	/System/Library/Frameworks/Accelerate.framework/Versions/A/Frameworks/vecLib.framework/Versions/A/vecLib
0x00007fff2803a000 	/System/Library/Frameworks/Accelerate.framework/Versions/A/Frameworks/vecLib.framework/Versions/A/libvDSP.dylib
0x00007fff27b9a000 	/System/Library/Frameworks/Accelerate.framework/Versions/A/Frameworks/vecLib.framework/Versions/A/libBNNS.dylib
0x00007fff27f9f000 	/System/Library/Frameworks/Accelerate.framework/Versions/A/Frameworks/vecLib.framework/Versions/A/libQuadrature.dylib
0x00007fff281e8000 	/System/Library/Frameworks/Accelerate.framework/Versions/A/Frameworks/vecLib.framework/Versions/A/libvMisc.dylib
0x00007fff27bc9000 	/System/Library/Frameworks/Accelerate.framework/Versions/A/Frameworks/vecLib.framework/Versions/A/libLAPACK.dylib
0x00007fff27a3f000 	/System/Library/Frameworks/Accelerate.framework/Versions/A/Frameworks/vecLib.framework/Versions/A/libBLAS.dylib
0x00007fff27f89000 	/System/Library/Frameworks/Accelerate.framework/Versions/A/Frameworks/vecLib.framework/Versions/A/libLinearAlgebra.dylib
0x00007fff27fa5000 	/System/Library/Frameworks/Accelerate.framework/Versions/A/Frameworks/vecLib.framework/Versions/A/libSparse.dylib
0x00007fff28026000 	/System/Library/Frameworks/Accelerate.framework/Versions/A/Frameworks/vecLib.framework/Versions/A/libSparseBLAS.dylib
0x00007fff43ab9000 	/System/Library/PrivateFrameworks/GPUWrangler.framework/Versions/A/GPUWrangler
0x00007fff4524a000 	/System/Library/PrivateFrameworks/IOAccelerator.framework/Versions/A/IOAccelerator
0x00007fff45255000 	/System/Library/PrivateFrameworks/IOPresentment.framework/Versions/A/IOPresentment
0x00007fff3f2ef000 	/System/Library/PrivateFrameworks/DSExternalDisplay.framework/Versions/A/DSExternalDisplay
0x00007fff349b5000 	/System/Library/Frameworks/OpenGL.framework/Versions/A/Libraries/libCoreFSCache.dylib
0x00007fff2cc09000 	/System/Library/Frameworks/CoreVideo.framework/Versions/A/CoreVideo
0x00007fff44834000 	/System/Library/PrivateFrameworks/GraphVisualizer.framework/Versions/A/GraphVisualizer
0x00007fff2f9b3000 	/System/Library/Frameworks/MetalPerformanceShaders.framework/Versions/A/MetalPerformanceShaders
0x00007fff50848000 	/usr/lib/libFosl_dynamic.dylib
0x00007fff403c3000 	/System/Library/PrivateFrameworks/FaceCore.framework/Versions/A/FaceCore
0x00007fff337b0000 	/System/Library/Frameworks/OpenCL.framework/Versions/A/OpenCL
0x00007fff50e49000 	/usr/lib/libcompression.dylib
0x00007fff2953e000 	/System/Library/Frameworks/ApplicationServices.framework/Versions/A/Frameworks/ATS.framework/Versions/A/Resources/libFontParser.dylib
0x00007fff29661000 	/System/Library/Frameworks/ApplicationServices.framework/Versions/A/Frameworks/ATS.framework/Versions/A/Resources/libFontRegistry.dylib
0x00007fff2db50000 	/System/Library/Frameworks/ImageIO.framework/Versions/A/Resources/libJPEG.dylib
0x00007fff2de79000 	/System/Library/Frameworks/ImageIO.framework/Versions/A/Resources/libTIFF.dylib
0x00007fff2de4f000 	/System/Library/Frameworks/ImageIO.framework/Versions/A/Resources/libPng.dylib
0x00007fff2da63000 	/System/Library/Frameworks/ImageIO.framework/Versions/A/Resources/libGIF.dylib
0x00007fff2da68000 	/System/Library/Frameworks/ImageIO.framework/Versions/A/Resources/libJP2.dylib
0x00007fff2de76000 	/System/Library/Frameworks/ImageIO.framework/Versions/A/Resources/libRadiance.dylib
0x00007fff3b350000 	/System/Library/PrivateFrameworks/AppleJPEG.framework/Versions/A/AppleJPEG
0x00007fff2f81a000 	/System/Library/Frameworks/MetalPerformanceShaders.framework/Frameworks/MPSCore.framework/Versions/A/MPSCore
0x00007fff2f836000 	/System/Library/Frameworks/MetalPerformanceShaders.framework/Frameworks/MPSImage.framework/Versions/A/MPSImage
0x00007fff2f8cb000 	/System/Library/Frameworks/MetalPerformanceShaders.framework/Frameworks/MPSNeuralNetwork.framework/Versions/A/MPSNeuralNetwork
0x00007fff2f8a6000 	/System/Library/Frameworks/MetalPerformanceShaders.framework/Frameworks/MPSMatrix.framework/Versions/A/MPSMatrix
0x00007fff4674b000 	/System/Library/PrivateFrameworks/MetalTools.framework/Versions/A/MetalTools
0x00007fff34b80000 	/System/Library/Frameworks/OpenGL.framework/Versions/A/Libraries/libGLU.dylib
0x00007fff349c0000 	/System/Library/Frameworks/OpenGL.framework/Versions/A/Libraries/libGFXShared.dylib
0x00007fff349ca000 	/System/Library/Frameworks/OpenGL.framework/Versions/A/Libraries/libGL.dylib
0x00007fff349d6000 	/System/Library/Frameworks/OpenGL.framework/Versions/A/Libraries/libGLImage.dylib
0x00007fff349b2000 	/System/Library/Frameworks/OpenGL.framework/Versions/A/Libraries/libCVMSPluginSupport.dylib
0x00007fff349bb000 	/System/Library/Frameworks/OpenGL.framework/Versions/A/Libraries/libCoreVMClient.dylib
0x00007fff515f6000 	/usr/lib/libcups.2.dylib
0x00007fff2ed81000 	/System/Library/Frameworks/Kerberos.framework/Versions/A/Kerberos
0x00007fff2d547000 	/System/Library/Frameworks/GSS.framework/Versions/A/GSS
0x00007fff526fa000 	/usr/lib/libresolv.9.dylib
0x00007fff517f4000 	/usr/lib/libiconv.2.dylib
0x00007fff448c6000 	/System/Library/PrivateFrameworks/Heimdal.framework/Versions/A/Heimdal
0x00007fff517c3000 	/usr/lib/libheimdal-asn1.dylib
0x00007fff33828000 	/System/Library/Frameworks/OpenDirectory.framework/Versions/A/OpenDirectory
0x00007fff3d666000 	/System/Library/PrivateFrameworks/CommonAuth.framework/Versions/A/CommonAuth
0x00007fff3380b000 	/System/Library/Frameworks/OpenDirectory.framework/Versions/A/Frameworks/CFOpenDirectory.framework/Versions/A/CFOpenDirectory
0x00007fff37141000 	/System/Library/Frameworks/SecurityFoundation.framework/Versions/A/SecurityFoundation
0x00007fff3a515000 	/System/Library/PrivateFrameworks/APFS.framework/Versions/A/APFS
0x00007fff52b2f000 	/usr/lib/libutil.dylib
0x00007fff3b3d3000 	/System/Library/PrivateFrameworks/AppleSauce.framework/Versions/A/AppleSauce
0x00007fff45a32000 	/System/Library/PrivateFrameworks/LinguisticData.framework/Versions/A/LinguisticData
0x00007fff51b76000 	/usr/lib/libmarisa.dylib
0x00007fff459ec000 	/System/Library/PrivateFrameworks/Lexicon.framework/Versions/A/Lexicon
0x00007fff50773000 	/usr/lib/libChineseTokenizer.dylib
0x00007fff50e38000 	/usr/lib/libcmph.dylib
0x00007fff458f6000 	/System/Library/PrivateFrameworks/LanguageModeling.framework/Versions/A/LanguageModeling
0x00007fff3e175000 	/System/Library/PrivateFrameworks/CoreEmoji.framework/Versions/A/CoreEmoji
0x00007fff371ff000 	/System/Library/Frameworks/ServiceManagement.framework/Versions/A/ServiceManagement
0x00007fff3bc1d000 	/System/Library/PrivateFrameworks/BackgroundTaskManagement.framework/Versions/A/BackgroundTaskManagement
0x00007fff52c2c000 	/usr/lib/libxslt.1.dylib
0x00007fff2a5ff000 	/System/Library/Frameworks/Carbon.framework/Versions/A/Frameworks/Ink.framework/Versions/A/Ink
0x00007fff4eabd000 	/System/Library/PrivateFrameworks/TextureIO.framework/Versions/A/TextureIO
0x00007fff50c5d000 	/usr/lib/libate.dylib
0x00007fff3f24f000 	/System/Library/PrivateFrameworks/CrashReporterSupport.framework/Versions/A/CrashReporterSupport
0x00007fff4be0d000 	/System/Library/PrivateFrameworks/Sharing.framework/Versions/A/Sharing
0x00007fff45637000 	/System/Library/PrivateFrameworks/IconServices.framework/Versions/A/IconServices
0x00007fff3b84d000 	/System/Library/PrivateFrameworks/AuthKit.framework/Versions/A/AuthKit
0x00007fff3b1d3000 	/System/Library/PrivateFrameworks/Apple80211.framework/Versions/A/Apple80211
0x00007fff3f064000 	/System/Library/PrivateFrameworks/CoreUtils.framework/Versions/A/CoreUtils
0x00007fff2cc44000 	/System/Library/Frameworks/CoreWLAN.framework/Versions/A/CoreWLAN
0x00007fff2d689000 	/System/Library/Frameworks/IOBluetooth.framework/Versions/A/IOBluetooth
0x00007fff4a2d6000 	/System/Library/PrivateFrameworks/ProtocolBuffer.framework/Versions/A/ProtocolBuffer
0x00007fff46930000 	/System/Library/PrivateFrameworks/MobileKeyBag.framework/Versions/A/MobileKeyBag
0x00007fff3e919000 	/System/Library/PrivateFrameworks/CorePhoneNumbers.framework/Versions/A/CorePhoneNumbers
0x00007fff3b30b000 	/System/Library/PrivateFrameworks/AppleIDAuthSupport.framework/Versions/A/AppleIDAuthSupport
0x00007fff458e2000 	/System/Library/PrivateFrameworks/KeychainCircle.framework/Versions/A/KeychainCircle
0x00007fff3f1ea000 	/System/Library/PrivateFrameworks/CoreWiFi.framework/Versions/A/CoreWiFi
0x00007fff2ab4a000 	/System/Library/Frameworks/CoreBluetooth.framework/Versions/A/CoreBluetooth
0x00007fff3f439000 	/System/Library/PrivateFrameworks/DebugSymbols.framework/Versions/A/DebugSymbols
0x00007fff3ee1a000 	/System/Library/PrivateFrameworks/CoreSymbolication.framework/Versions/A/CoreSymbolication
0x00007fff4e2ae000 	/System/Library/PrivateFrameworks/Symbolication.framework/Versions/A/Symbolication
0x00007fff3b1fd000 	/System/Library/PrivateFrameworks/AppleFSCompression.framework/Versions/A/AppleFSCompression
0x00007fff4d6fb000 	/System/Library/PrivateFrameworks/SpeechRecognitionCore.framework/Versions/A/SpeechRecognitionCore
0x00007fff2352b000 	/System/Library/CoreServices/Encodings/libSimplifiedChineseConverter.dylib
0x000000010cb61000 	/Library/Java/JavaVirtualMachines/jdk1.8.0_221.jdk/Contents/Home/jre/lib/server/libjvm.dylib
0x00007fff529fc000 	/usr/lib/libstdc++.6.0.9.dylib
0x000000010db1a000 	/Library/Java/JavaVirtualMachines/jdk1.8.0_221.jdk/Contents/Home/jre/lib/libverify.dylib
0x000000010db28000 	/Library/Java/JavaVirtualMachines/jdk1.8.0_221.jdk/Contents/Home/jre/lib/libjava.dylib
0x000000010db5f000 	/Library/Java/JavaVirtualMachines/jdk1.8.0_221.jdk/Contents/Home/jre/lib/libjdwp.dylib
0x000000010dbaa000 	/Library/Java/JavaVirtualMachines/jdk1.8.0_221.jdk/Contents/Home/jre/lib/libnpt.dylib
0x000000010dbae000 	/Library/Java/JavaVirtualMachines/jdk1.8.0_221.jdk/Contents/Home/jre/lib/libinstrument.dylib
0x000000010dbdb000 	/Library/Java/JavaVirtualMachines/jdk1.8.0_221.jdk/Contents/Home/jre/lib/libzip.dylib
0x000000010dbec000 	/Library/Java/JavaVirtualMachines/jdk1.8.0_221.jdk/Contents/Home/jre/lib/libdt_socket.dylib
0x0000000116cdd000 	/Library/Java/JavaVirtualMachines/jdk1.8.0_221.jdk/Contents/Home/jre/lib/libnet.dylib
0x0000000116d3c000 	/Library/Java/JavaVirtualMachines/jdk1.8.0_221.jdk/Contents/Home/jre/lib/libmanagement.dylib
0x0000000116d4a000 	/Library/Java/JavaVirtualMachines/jdk1.8.0_221.jdk/Contents/Home/jre/lib/libnio.dylib
0x0000000118645000 	/Library/Java/JavaVirtualMachines/jdk1.8.0_221.jdk/Contents/Home/jre/lib/libsunec.dylib

VM Arguments:
jvm_args: -agentlib:jdwp=transport=dt_socket,address=127.0.0.1:51574,suspend=y,server=n -XX:TieredStopAtLevel=1 -Xverify:none -Dspring.output.ansi.enabled=always -Dcom.sun.management.jmxremote -Dspring.jmx.enabled=true -Dspring.liveBeansView.mbeanDomain -Dspring.application.admin.enabled=true -javaagent:/Users/pengchangxu/Library/Caches/IntelliJIdea2019.2/captureAgent/debugger-agent.jar -Dfile.encoding=UTF-8 
java_command: com.taoding.ServiceAdminApplication
java_class_path (initial): /Library/Java/JavaVirtualMachines/jdk1.8.0_221.jdk/Contents/Home/jre/lib/charsets.jar:/Library/Java/JavaVirtualMachines/jdk1.8.0_221.jdk/Contents/Home/jre/lib/deploy.jar:/Library/Java/JavaVirtualMachines/jdk1.8.0_221.jdk/Contents/Home/jre/lib/ext/cldrdata.jar:/Library/Java/JavaVirtualMachines/jdk1.8.0_221.jdk/Contents/Home/jre/lib/ext/dnsns.jar:/Library/Java/JavaVirtualMachines/jdk1.8.0_221.jdk/Contents/Home/jre/lib/ext/jaccess.jar:/Library/Java/JavaVirtualMachines/jdk1.8.0_221.jdk/Contents/Home/jre/lib/ext/jfxrt.jar:/Library/Java/JavaVirtualMachines/jdk1.8.0_221.jdk/Contents/Home/jre/lib/ext/localedata.jar:/Library/Java/JavaVirtualMachines/jdk1.8.0_221.jdk/Contents/Home/jre/lib/ext/nashorn.jar:/Library/Java/JavaVirtualMachines/jdk1.8.0_221.jdk/Contents/Home/jre/lib/ext/sunec.jar:/Library/Java/JavaVirtualMachines/jdk1.8.0_221.jdk/Contents/Home/jre/lib/ext/sunjce_provider.jar:/Library/Java/JavaVirtualMachines/jdk1.8.0_221.jdk/Contents/Home/jre/lib/ext/sunpkcs11.jar:/Library/Java/JavaVirtualMachines/jdk1.8.0_221.jdk/Contents/Home/jre/lib/ext/zipfs.jar:/Library/Java/JavaVirtualMachines/jdk1.8.0_221.jdk/Contents/Home/jre/lib/javaws.jar:/Library/Java/JavaVirtualMachines/jdk1.8.0_221.jdk/Contents/Home/jre/lib/jce.jar:/Library/Java/JavaVirtualMachines/jdk1.8.0_221.jdk/Contents/Home/jre/lib/jfr.jar:/Library/Java/JavaVirtualMachines/jdk1.8.0_221.jdk/Contents/Home/jre/lib/jfxswt.jar:/Library/Java/JavaVirtualMachines/jdk1.8.0_221.jdk/Contents/Home/jre/lib/jsse.jar:/Library/Java/JavaVirtualMachines/jdk1.8.0_221.jdk/Contents/Home/jre/lib/management-agent.jar:/Library/Java/JavaVirtualMachines/jdk1.8.0_221.jdk/Contents/Home/jre/lib/plugin.jar:/Library/Java/JavaVirtualMachines/jdk1.8.0_221.jdk/Contents/Home/jre/lib/resources.jar:/Library/Java/JavaVirtualMachines/jdk1.8.0_221.jdk/Contents/Home/jre/lib/rt.jar:/Library/Java/JavaVirtualMachines/jdk1.8.0_221.jdk/Contents/Home/lib/ant-javafx.jar:/Library/Java/JavaVirtualMachines/jdk1.8.0_221.jdk/Contents/Home
Launcher Type: SUN_STANDARD

Environment Variables:
JAVA_HOME=/Library/Java/JavaVirtualMachines/jdk1.8.0_221.jdk/Contents/Home
CLASSPATH=/Library/Java/JavaVirtualMachines/jdk1.8.0_221.jdk/Contents/Home/lib/tools.jar:/Library/Java/JavaVirtualMachines/jdk1.8.0_221.jdk/Contents/Home/lib/dt.jar:.
PATH=/Library/apache-maven-3.6.2/bin:/Library/Java/JavaVirtualMachines/jdk1.8.0_221.jdk/Contents/Home/bin:/usr/local/bin:/usr/bin:/bin:/usr/sbin:/sbin:.
SHELL=/bin/zsh

Signal Handlers:
SIGSEGV: [libjvm.dylib+0x5b71a7], sa_mask[0]=11111111011111110111111111111111, sa_flags=SA_ONSTACK|SA_RESTART|SA_SIGINFO
SIGBUS: [libjvm.dylib+0x5b71a7], sa_mask[0]=11111111011111110111111111111111, sa_flags=SA_RESTART|SA_SIGINFO
SIGFPE: [libjvm.dylib+0x48c8fc], sa_mask[0]=11111111011111110111111111111111, sa_flags=SA_RESTART|SA_SIGINFO
SIGPIPE: [libjvm.dylib+0x48c8fc], sa_mask[0]=11111111011111110111111111111111, sa_flags=SA_RESTART|SA_SIGINFO
SIGXFSZ: [libjvm.dylib+0x48c8fc], sa_mask[0]=11111111011111110111111111111111, sa_flags=SA_RESTART|SA_SIGINFO
SIGILL: [libjvm.dylib+0x48c8fc], sa_mask[0]=11111111011111110111111111111111, sa_flags=SA_RESTART|SA_SIGINFO
SIGUSR1: SIG_DFL, sa_mask[0]=00000000000000000000000000000000, sa_flags=none
SIGUSR2: [libjvm.dylib+0x48c41a], sa_mask[0]=00100000000000000000000000000000, sa_flags=SA_RESTART|SA_SIGINFO
SIGHUP: [libjvm.dylib+0x48a9a5], sa_mask[0]=11111111011111110111111111111111, sa_flags=SA_RESTART|SA_SIGINFO
SIGINT: [libjvm.dylib+0x48a9a5], sa_mask[0]=11111111011111110111111111111111, sa_flags=SA_RESTART|SA_SIGINFO
SIGTERM: [libjvm.dylib+0x48a9a5], sa_mask[0]=11111111011111110111111111111111, sa_flags=SA_RESTART|SA_SIGINFO
SIGQUIT: [libjvm.dylib+0x48a9a5], sa_mask[0]=11111111011111110111111111111111, sa_flags=SA_RESTART|SA_SIGINFO


---------------  S Y S T E M  ---------------

OS:Bsduname:Darwin 17.7.0 Darwin Kernel Version 17.7.0: Thu Jun 21 22:53:14 PDT 2018; root:xnu-4570.71.2~1/RELEASE_X86_64 x86_64
rlimit: STACK 8192k, CORE 0k, NPROC 709, NOFILE 10240, AS infinity
load average:2.91 3.41 3.41

CPU:total 4 (initial active 4) (4 cores per cpu, 1 threads per core) family 6 model 60 stepping 3, cmov, cx8, fxsr, mmx, sse, sse2, sse3, ssse3, sse4.1, sse4.2, popcnt, avx, avx2, aes, clmul, erms, lzcnt, tsc, tscinvbit, bmi1, bmi2

Memory: 4k page, physical 8388608k(50868k free)

/proc/meminfo:


vm_info: Java HotSpot(TM) 64-Bit Server VM (25.221-b11) for bsd-amd64 JRE (1.8.0_221-b11), built on Jul  4 2019 04:36:22 by "java_re" with gcc 4.2.1 (Based on Apple Inc. build 5658) (LLVM build 2336.11.00)

time: Sat Nov 16 04:59:26 2019
timezone: CST
elapsed time: 3224 seconds (0d 0h 53m 44s)

